{"D:\\Ashish\\code\\hack2skill\\PromptWars-Warmup\\js\\data\\curriculum.js": {"path":"D:\\Ashish\\code\\hack2skill\\PromptWars-Warmup\\js\\data\\curriculum.js","statementMap":{"0":{"start":{"line":6,"column":26},"end":{"line":240,"column":1}},"1":{"start":{"line":244,"column":2},"end":{"line":244,"column":null}},"2":{"start":{"line":244,"column":40},"end":{"line":244,"column":107}},"3":{"start":{"line":244,"column":61},"end":{"line":244,"column":105}},"4":{"start":{"line":249,"column":2},"end":{"line":252,"column":null}},"5":{"start":{"line":250,"column":20},"end":{"line":250,"column":64}},"6":{"start":{"line":250,"column":45},"end":{"line":250,"column":63}},"7":{"start":{"line":251,"column":4},"end":{"line":251,"column":null}},"8":{"start":{"line":251,"column":17},"end":{"line":251,"column":null}},"9":{"start":{"line":253,"column":2},"end":{"line":253,"column":null}},"10":{"start":{"line":258,"column":2},"end":{"line":258,"column":null}},"11":{"start":{"line":258,"column":37},"end":{"line":258,"column":53}},"12":{"start":{"line":263,"column":16},"end":{"line":263,"column":46}},"13":{"start":{"line":264,"column":2},"end":{"line":264,"column":null}},"14":{"start":{"line":264,"column":42},"end":{"line":264,"column":94}}},"fnMap":{"0":{"name":"getAllConcepts","decl":{"start":{"line":243,"column":16},"end":{"line":243,"column":30}},"loc":{"start":{"line":243,"column":56},"end":{"line":245,"column":null}},"line":243},"1":{"name":"(anonymous_1)","decl":{"start":{"line":244,"column":35},"end":{"line":244,"column":36}},"loc":{"start":{"line":244,"column":40},"end":{"line":244,"column":107}},"line":244},"2":{"name":"(anonymous_2)","decl":{"start":{"line":244,"column":55},"end":{"line":244,"column":56}},"loc":{"start":{"line":244,"column":61},"end":{"line":244,"column":105}},"line":244},"3":{"name":"findConcept","decl":{"start":{"line":248,"column":16},"end":{"line":248,"column":27}},"loc":{"start":{"line":248,"column":64},"end":{"line":254,"column":null}},"line":248},"4":{"name":"(anonymous_4)","decl":{"start":{"line":250,"column":40},"end":{"line":250,"column":41}},"loc":{"start":{"line":250,"column":45},"end":{"line":250,"column":63}},"line":250},"5":{"name":"findTopic","decl":{"start":{"line":257,"column":16},"end":{"line":257,"column":25}},"loc":{"start":{"line":257,"column":60},"end":{"line":259,"column":null}},"line":257},"6":{"name":"(anonymous_6)","decl":{"start":{"line":258,"column":32},"end":{"line":258,"column":33}},"loc":{"start":{"line":258,"column":37},"end":{"line":258,"column":53}},"line":258},"7":{"name":"getTopicConcepts","decl":{"start":{"line":262,"column":16},"end":{"line":262,"column":32}},"loc":{"start":{"line":262,"column":67},"end":{"line":265,"column":null}},"line":262},"8":{"name":"(anonymous_8)","decl":{"start":{"line":264,"column":36},"end":{"line":264,"column":37}},"loc":{"start":{"line":264,"column":42},"end":{"line":264,"column":94}},"line":264}},"branchMap":{"0":{"loc":{"start":{"line":243,"column":31},"end":{"line":243,"column":54}},"type":"default-arg","locations":[{"start":{"line":243,"column":44},"end":{"line":243,"column":54}}],"line":243},"1":{"loc":{"start":{"line":248,"column":39},"end":{"line":248,"column":62}},"type":"default-arg","locations":[{"start":{"line":248,"column":52},"end":{"line":248,"column":62}}],"line":248},"2":{"loc":{"start":{"line":251,"column":4},"end":{"line":251,"column":null}},"type":"if","locations":[{"start":{"line":251,"column":4},"end":{"line":251,"column":null}},{"start":{},"end":{}}],"line":251},"3":{"loc":{"start":{"line":257,"column":35},"end":{"line":257,"column":58}},"type":"default-arg","locations":[{"start":{"line":257,"column":48},"end":{"line":257,"column":58}}],"line":257},"4":{"loc":{"start":{"line":258,"column":9},"end":{"line":258,"column":62}},"type":"binary-expr","locations":[{"start":{"line":258,"column":9},"end":{"line":258,"column":54}},{"start":{"line":258,"column":58},"end":{"line":258,"column":62}}],"line":258},"5":{"loc":{"start":{"line":262,"column":42},"end":{"line":262,"column":65}},"type":"default-arg","locations":[{"start":{"line":262,"column":55},"end":{"line":262,"column":65}}],"line":262},"6":{"loc":{"start":{"line":264,"column":9},"end":{"line":264,"column":101}},"type":"cond-expr","locations":[{"start":{"line":264,"column":17},"end":{"line":264,"column":96}},{"start":{"line":264,"column":99},"end":{"line":264,"column":101}}],"line":264}},"s":{"0":1,"1":0,"2":0,"3":0,"4":5,"5":5,"6":5,"7":5,"8":5,"9":0,"10":2,"11":2,"12":0,"13":0,"14":0},"f":{"0":0,"1":0,"2":0,"3":5,"4":5,"5":2,"6":2,"7":0,"8":0},"b":{"0":[0],"1":[5],"2":[5,0],"3":[2],"4":[2,0],"5":[0],"6":[0,0]},"meta":{"lastBranch":7,"lastFunction":9,"lastStatement":15,"seen":{"s:6:26:240:1":0,"f:243:16:243:30":0,"b:243:44:243:54":0,"s:244:2:244:Infinity":1,"f:244:35:244:36":1,"s:244:40:244:107":2,"f:244:55:244:56":2,"s:244:61:244:105":3,"f:248:16:248:27":3,"b:248:52:248:62":1,"s:249:2:252:Infinity":4,"s:250:20:250:64":5,"f:250:40:250:41":4,"s:250:45:250:63":6,"b:251:4:251:Infinity:undefined:undefined:undefined:undefined":2,"s:251:4:251:Infinity":7,"s:251:17:251:Infinity":8,"s:253:2:253:Infinity":9,"f:257:16:257:25":5,"b:257:48:257:58":3,"s:258:2:258:Infinity":10,"b:258:9:258:54:258:58:258:62":4,"f:258:32:258:33":6,"s:258:37:258:53":11,"f:262:16:262:32":7,"b:262:55:262:65":5,"s:263:16:263:46":12,"s:264:2:264:Infinity":13,"b:264:17:264:96:264:99:264:101":6,"f:264:36:264:37":8,"s:264:42:264:94":14}}}
,"D:\\Ashish\\code\\hack2skill\\PromptWars-Warmup\\js\\engine\\ContentEngine.js": {"path":"D:\\Ashish\\code\\hack2skill\\PromptWars-Warmup\\js\\engine\\ContentEngine.js","statementMap":{"0":{"start":{"line":14,"column":22},"end":{"line":14,"column":61}},"1":{"start":{"line":15,"column":4},"end":{"line":15,"column":null}},"2":{"start":{"line":15,"column":32},"end":{"line":15,"column":null}},"3":{"start":{"line":17,"column":17},"end":{"line":17,"column":48}},"4":{"start":{"line":20,"column":4},"end":{"line":26,"column":null}},"5":{"start":{"line":21,"column":23},"end":{"line":21,"column":57}},"6":{"start":{"line":22,"column":6},"end":{"line":25,"column":null}},"7":{"start":{"line":23,"column":23},"end":{"line":23,"column":63}},"8":{"start":{"line":23,"column":45},"end":{"line":23,"column":62}},"9":{"start":{"line":24,"column":8},"end":{"line":24,"column":null}},"10":{"start":{"line":24,"column":31},"end":{"line":24,"column":null}},"11":{"start":{"line":29,"column":4},"end":{"line":29,"column":null}},"12":{"start":{"line":29,"column":27},"end":{"line":29,"column":null}},"13":{"start":{"line":32,"column":21},"end":{"line":32,"column":42}},"14":{"start":{"line":33,"column":22},"end":{"line":33,"column":49}},"15":{"start":{"line":34,"column":4},"end":{"line":34,"column":null}},"16":{"start":{"line":42,"column":17},"end":{"line":42,"column":49}},"17":{"start":{"line":43,"column":4},"end":{"line":48,"column":null}},"18":{"start":{"line":45,"column":23},"end":{"line":45,"column":65}},"19":{"start":{"line":46,"column":23},"end":{"line":46,"column":55}},"20":{"start":{"line":47,"column":6},"end":{"line":47,"column":null}},"21":{"start":{"line":49,"column":4},"end":{"line":49,"column":null}},"22":{"start":{"line":56,"column":4},"end":{"line":58,"column":null}},"23":{"start":{"line":56,"column":75},"end":{"line":58,"column":5}},"24":{"start":{"line":65,"column":4},"end":{"line":65,"column":null}},"25":{"start":{"line":65,"column":15},"end":{"line":65,"column":null}},"26":{"start":{"line":66,"column":4},"end":{"line":79,"column":null}},"27":{"start":{"line":83,"column":29},"end":{"line":83,"column":48}}},"fnMap":{"0":{"name":"(anonymous_0)","decl":{"start":{"line":13,"column":2},"end":{"line":13,"column":16}},"loc":{"start":{"line":13,"column":35},"end":{"line":35,"column":null}},"line":13},"1":{"name":"(anonymous_1)","decl":{"start":{"line":23,"column":40},"end":{"line":23,"column":41}},"loc":{"start":{"line":23,"column":45},"end":{"line":23,"column":62}},"line":23},"2":{"name":"(anonymous_2)","decl":{"start":{"line":41,"column":2},"end":{"line":41,"column":16}},"loc":{"start":{"line":41,"column":36},"end":{"line":50,"column":null}},"line":41},"3":{"name":"(anonymous_3)","decl":{"start":{"line":55,"column":2},"end":{"line":55,"column":24}},"loc":{"start":{"line":55,"column":34},"end":{"line":59,"column":null}},"line":55},"4":{"name":"(anonymous_4)","decl":{"start":{"line":56,"column":58},"end":{"line":56,"column":59}},"loc":{"start":{"line":56,"column":75},"end":{"line":58,"column":5}},"line":56},"5":{"name":"(anonymous_5)","decl":{"start":{"line":64,"column":2},"end":{"line":64,"column":15}},"loc":{"start":{"line":64,"column":22},"end":{"line":80,"column":null}},"line":64}},"branchMap":{"0":{"loc":{"start":{"line":14,"column":34},"end":{"line":14,"column":60}},"type":"binary-expr","locations":[{"start":{"line":14,"column":34},"end":{"line":14,"column":54}},{"start":{"line":14,"column":58},"end":{"line":14,"column":60}}],"line":14},"1":{"loc":{"start":{"line":15,"column":4},"end":{"line":15,"column":null}},"type":"if","locations":[{"start":{"line":15,"column":4},"end":{"line":15,"column":null}},{"start":{},"end":{}}],"line":15},"2":{"loc":{"start":{"line":17,"column":17},"end":{"line":17,"column":48}},"type":"binary-expr","locations":[{"start":{"line":17,"column":17},"end":{"line":17,"column":42}},{"start":{"line":17,"column":46},"end":{"line":17,"column":48}}],"line":17},"3":{"loc":{"start":{"line":20,"column":4},"end":{"line":26,"column":null}},"type":"if","locations":[{"start":{"line":20,"column":4},"end":{"line":26,"column":null}},{"start":{},"end":{}}],"line":20},"4":{"loc":{"start":{"line":20,"column":8},"end":{"line":20,"column":39}},"type":"binary-expr","locations":[{"start":{"line":20,"column":8},"end":{"line":20,"column":15}},{"start":{"line":20,"column":19},"end":{"line":20,"column":39}}],"line":20},"5":{"loc":{"start":{"line":22,"column":6},"end":{"line":25,"column":null}},"type":"if","locations":[{"start":{"line":22,"column":6},"end":{"line":25,"column":null}},{"start":{},"end":{}}],"line":22},"6":{"loc":{"start":{"line":24,"column":8},"end":{"line":24,"column":null}},"type":"if","locations":[{"start":{"line":24,"column":8},"end":{"line":24,"column":null}},{"start":{},"end":{}}],"line":24},"7":{"loc":{"start":{"line":29,"column":4},"end":{"line":29,"column":null}},"type":"if","locations":[{"start":{"line":29,"column":4},"end":{"line":29,"column":null}},{"start":{},"end":{}}],"line":29},"8":{"loc":{"start":{"line":29,"column":34},"end":{"line":29,"column":90}},"type":"cond-expr","locations":[{"start":{"line":29,"column":66},"end":{"line":29,"column":75}},{"start":{"line":29,"column":78},"end":{"line":29,"column":90}}],"line":29},"9":{"loc":{"start":{"line":43,"column":4},"end":{"line":48,"column":null}},"type":"if","locations":[{"start":{"line":43,"column":4},"end":{"line":48,"column":null}},{"start":{},"end":{}}],"line":43},"10":{"loc":{"start":{"line":45,"column":35},"end":{"line":45,"column":61}},"type":"binary-expr","locations":[{"start":{"line":45,"column":35},"end":{"line":45,"column":55}},{"start":{"line":45,"column":59},"end":{"line":45,"column":61}}],"line":45},"11":{"loc":{"start":{"line":47,"column":13},"end":{"line":47,"column":112}},"type":"cond-expr","locations":[{"start":{"line":47,"column":24},"end":{"line":47,"column":59}},{"start":{"line":47,"column":62},"end":{"line":47,"column":112}}],"line":47},"12":{"loc":{"start":{"line":56,"column":26},"end":{"line":56,"column":52}},"type":"binary-expr","locations":[{"start":{"line":56,"column":26},"end":{"line":56,"column":46}},{"start":{"line":56,"column":50},"end":{"line":56,"column":52}}],"line":56},"13":{"loc":{"start":{"line":65,"column":4},"end":{"line":65,"column":null}},"type":"if","locations":[{"start":{"line":65,"column":4},"end":{"line":65,"column":null}},{"start":{},"end":{}}],"line":65}},"s":{"0":4,"1":4,"2":0,"3":4,"4":4,"5":2,"6":2,"7":1,"8":3,"9":1,"10":1,"11":3,"12":2,"13":1,"14":1,"15":1,"16":2,"17":2,"18":0,"19":0,"20":0,"21":2,"22":0,"23":0,"24":1,"25":0,"26":1,"27":2},"f":{"0":4,"1":3,"2":2,"3":0,"4":0,"5":1},"b":{"0":[4,0],"1":[0,4],"2":[4,1],"3":[2,2],"4":[4,3],"5":[1,1],"6":[1,0],"7":[2,1],"8":[2,0],"9":[0,2],"10":[0,0],"11":[0,0],"12":[0,0],"13":[0,1]},"meta":{"lastBranch":14,"lastFunction":6,"lastStatement":28,"seen":{"f:13:2:13:16":0,"s:14:22:14:61":0,"b:14:34:14:54:14:58:14:60":0,"b:15:4:15:Infinity:undefined:undefined:undefined:undefined":1,"s:15:4:15:Infinity":1,"s:15:32:15:Infinity":2,"s:17:17:17:48":3,"b:17:17:17:42:17:46:17:48":2,"b:20:4:26:Infinity:undefined:undefined:undefined:undefined":3,"s:20:4:26:Infinity":4,"b:20:8:20:15:20:19:20:39":4,"s:21:23:21:57":5,"b:22:6:25:Infinity:undefined:undefined:undefined:undefined":5,"s:22:6:25:Infinity":6,"s:23:23:23:63":7,"f:23:40:23:41":1,"s:23:45:23:62":8,"b:24:8:24:Infinity:undefined:undefined:undefined:undefined":6,"s:24:8:24:Infinity":9,"s:24:31:24:Infinity":10,"b:29:4:29:Infinity:undefined:undefined:undefined:undefined":7,"s:29:4:29:Infinity":11,"s:29:27:29:Infinity":12,"b:29:66:29:75:29:78:29:90":8,"s:32:21:32:42":13,"s:33:22:33:49":14,"s:34:4:34:Infinity":15,"f:41:2:41:16":2,"s:42:17:42:49":16,"b:43:4:48:Infinity:undefined:undefined:undefined:undefined":9,"s:43:4:48:Infinity":17,"s:45:23:45:65":18,"b:45:35:45:55:45:59:45:61":10,"s:46:23:46:55":19,"s:47:6:47:Infinity":20,"b:47:24:47:59:47:62:47:112":11,"s:49:4:49:Infinity":21,"f:55:2:55:24":3,"s:56:4:58:Infinity":22,"b:56:26:56:46:56:50:56:52":12,"f:56:58:56:59":4,"s:56:75:58:5":23,"f:64:2:64:15":5,"b:65:4:65:Infinity:undefined:undefined:undefined:undefined":13,"s:65:4:65:Infinity":24,"s:65:15:65:Infinity":25,"s:66:4:79:Infinity":26,"s:83:29:83:48":27}}}
,"D:\\Ashish\\code\\hack2skill\\PromptWars-Warmup\\js\\engine\\DifficultyAdjuster.js": {"path":"D:\\Ashish\\code\\hack2skill\\PromptWars-Warmup\\js\\engine\\DifficultyAdjuster.js","statementMap":{"0":{"start":{"line":7,"column":4},"end":{"line":7,"column":null}},"1":{"start":{"line":8,"column":4},"end":{"line":8,"column":null}},"2":{"start":{"line":19,"column":4},"end":{"line":28,"column":null}},"3":{"start":{"line":21,"column":6},"end":{"line":23,"column":null}},"4":{"start":{"line":22,"column":8},"end":{"line":22,"column":null}},"5":{"start":{"line":24,"column":6},"end":{"line":24,"column":null}},"6":{"start":{"line":27,"column":6},"end":{"line":27,"column":null}},"7":{"start":{"line":39,"column":21},"end":{"line":39,"column":66}},"8":{"start":{"line":40,"column":17},"end":{"line":40,"column":42}},"9":{"start":{"line":43,"column":4},"end":{"line":48,"column":null}},"10":{"start":{"line":44,"column":23},"end":{"line":44,"column":57}},"11":{"start":{"line":45,"column":6},"end":{"line":45,"column":null}},"12":{"start":{"line":45,"column":27},"end":{"line":45,"column":null}},"13":{"start":{"line":46,"column":6},"end":{"line":46,"column":null}},"14":{"start":{"line":46,"column":26},"end":{"line":46,"column":null}},"15":{"start":{"line":47,"column":6},"end":{"line":47,"column":null}},"16":{"start":{"line":51,"column":4},"end":{"line":51,"column":null}},"17":{"start":{"line":60,"column":4},"end":{"line":60,"column":null}},"18":{"start":{"line":60,"column":44},"end":{"line":60,"column":null}},"19":{"start":{"line":61,"column":4},"end":{"line":65,"column":null}},"20":{"start":{"line":63,"column":24},"end":{"line":63,"column":66}},"21":{"start":{"line":64,"column":6},"end":{"line":64,"column":null}},"22":{"start":{"line":67,"column":4},"end":{"line":67,"column":null}},"23":{"start":{"line":74,"column":4},"end":{"line":74,"column":null}},"24":{"start":{"line":74,"column":24},"end":{"line":74,"column":null}},"25":{"start":{"line":75,"column":4},"end":{"line":75,"column":null}},"26":{"start":{"line":75,"column":24},"end":{"line":75,"column":null}},"27":{"start":{"line":76,"column":4},"end":{"line":76,"column":null}},"28":{"start":{"line":76,"column":24},"end":{"line":76,"column":null}},"29":{"start":{"line":77,"column":4},"end":{"line":77,"column":null}},"30":{"start":{"line":77,"column":24},"end":{"line":77,"column":null}},"31":{"start":{"line":78,"column":4},"end":{"line":78,"column":null}},"32":{"start":{"line":82,"column":34},"end":{"line":82,"column":58}}},"fnMap":{"0":{"name":"(anonymous_0)","decl":{"start":{"line":6,"column":2},"end":{"line":6,"column":13}},"loc":{"start":{"line":6,"column":16},"end":{"line":9,"column":null}},"line":6},"1":{"name":"(anonymous_1)","decl":{"start":{"line":18,"column":2},"end":{"line":18,"column":25}},"loc":{"start":{"line":18,"column":66},"end":{"line":29,"column":null}},"line":18},"2":{"name":"(anonymous_2)","decl":{"start":{"line":38,"column":2},"end":{"line":38,"column":23}},"loc":{"start":{"line":38,"column":68},"end":{"line":52,"column":null}},"line":38},"3":{"name":"(anonymous_3)","decl":{"start":{"line":59,"column":2},"end":{"line":59,"column":14}},"loc":{"start":{"line":59,"column":24},"end":{"line":68,"column":null}},"line":59},"4":{"name":"(anonymous_4)","decl":{"start":{"line":73,"column":2},"end":{"line":73,"column":21}},"loc":{"start":{"line":73,"column":32},"end":{"line":79,"column":null}},"line":73}},"branchMap":{"0":{"loc":{"start":{"line":19,"column":4},"end":{"line":28,"column":null}},"type":"if","locations":[{"start":{"line":19,"column":4},"end":{"line":28,"column":null}},{"start":{"line":25,"column":11},"end":{"line":28,"column":null}}],"line":19},"1":{"loc":{"start":{"line":21,"column":6},"end":{"line":23,"column":null}},"type":"if","locations":[{"start":{"line":21,"column":6},"end":{"line":23,"column":null}},{"start":{},"end":{}}],"line":21},"2":{"loc":{"start":{"line":40,"column":17},"end":{"line":40,"column":42}},"type":"binary-expr","locations":[{"start":{"line":40,"column":17},"end":{"line":40,"column":37}},{"start":{"line":40,"column":41},"end":{"line":40,"column":42}}],"line":40},"3":{"loc":{"start":{"line":43,"column":4},"end":{"line":48,"column":null}},"type":"if","locations":[{"start":{"line":43,"column":4},"end":{"line":48,"column":null}},{"start":{},"end":{}}],"line":43},"4":{"loc":{"start":{"line":43,"column":8},"end":{"line":43,"column":39}},"type":"binary-expr","locations":[{"start":{"line":43,"column":8},"end":{"line":43,"column":15}},{"start":{"line":43,"column":19},"end":{"line":43,"column":39}}],"line":43},"5":{"loc":{"start":{"line":45,"column":6},"end":{"line":45,"column":null}},"type":"if","locations":[{"start":{"line":45,"column":6},"end":{"line":45,"column":null}},{"start":{},"end":{}}],"line":45},"6":{"loc":{"start":{"line":46,"column":6},"end":{"line":46,"column":null}},"type":"if","locations":[{"start":{"line":46,"column":6},"end":{"line":46,"column":null}},{"start":{},"end":{}}],"line":46},"7":{"loc":{"start":{"line":60,"column":4},"end":{"line":60,"column":null}},"type":"if","locations":[{"start":{"line":60,"column":4},"end":{"line":60,"column":null}},{"start":{},"end":{}}],"line":60},"8":{"loc":{"start":{"line":60,"column":8},"end":{"line":60,"column":42}},"type":"binary-expr","locations":[{"start":{"line":60,"column":8},"end":{"line":60,"column":16}},{"start":{"line":60,"column":20},"end":{"line":60,"column":42}}],"line":60},"9":{"loc":{"start":{"line":61,"column":4},"end":{"line":65,"column":null}},"type":"if","locations":[{"start":{"line":61,"column":4},"end":{"line":65,"column":null}},{"start":{},"end":{}}],"line":61},"10":{"loc":{"start":{"line":74,"column":4},"end":{"line":74,"column":null}},"type":"if","locations":[{"start":{"line":74,"column":4},"end":{"line":74,"column":null}},{"start":{},"end":{}}],"line":74},"11":{"loc":{"start":{"line":75,"column":4},"end":{"line":75,"column":null}},"type":"if","locations":[{"start":{"line":75,"column":4},"end":{"line":75,"column":null}},{"start":{},"end":{}}],"line":75},"12":{"loc":{"start":{"line":76,"column":4},"end":{"line":76,"column":null}},"type":"if","locations":[{"start":{"line":76,"column":4},"end":{"line":76,"column":null}},{"start":{},"end":{}}],"line":76},"13":{"loc":{"start":{"line":77,"column":4},"end":{"line":77,"column":null}},"type":"if","locations":[{"start":{"line":77,"column":4},"end":{"line":77,"column":null}},{"start":{},"end":{}}],"line":77}},"s":{"0":1,"1":1,"2":1,"3":0,"4":0,"5":0,"6":1,"7":1,"8":1,"9":1,"10":0,"11":0,"12":0,"13":0,"14":0,"15":0,"16":1,"17":0,"18":0,"19":0,"20":0,"21":0,"22":0,"23":0,"24":0,"25":0,"26":0,"27":0,"28":0,"29":0,"30":0,"31":0,"32":1},"f":{"0":1,"1":1,"2":1,"3":0,"4":0},"b":{"0":[0,1],"1":[0,0],"2":[1,0],"3":[0,1],"4":[1,1],"5":[0,0],"6":[0,0],"7":[0,0],"8":[0,0],"9":[0,0],"10":[0,0],"11":[0,0],"12":[0,0],"13":[0,0]},"meta":{"lastBranch":14,"lastFunction":5,"lastStatement":33,"seen":{"f:6:2:6:13":0,"s:7:4:7:Infinity":0,"s:8:4:8:Infinity":1,"f:18:2:18:25":1,"b:19:4:28:Infinity:25:11:28:Infinity":0,"s:19:4:28:Infinity":2,"b:21:6:23:Infinity:undefined:undefined:undefined:undefined":1,"s:21:6:23:Infinity":3,"s:22:8:22:Infinity":4,"s:24:6:24:Infinity":5,"s:27:6:27:Infinity":6,"f:38:2:38:23":2,"s:39:21:39:66":7,"s:40:17:40:42":8,"b:40:17:40:37:40:41:40:42":2,"b:43:4:48:Infinity:undefined:undefined:undefined:undefined":3,"s:43:4:48:Infinity":9,"b:43:8:43:15:43:19:43:39":4,"s:44:23:44:57":10,"b:45:6:45:Infinity:undefined:undefined:undefined:undefined":5,"s:45:6:45:Infinity":11,"s:45:27:45:Infinity":12,"b:46:6:46:Infinity:undefined:undefined:undefined:undefined":6,"s:46:6:46:Infinity":13,"s:46:26:46:Infinity":14,"s:47:6:47:Infinity":15,"s:51:4:51:Infinity":16,"f:59:2:59:14":3,"b:60:4:60:Infinity:undefined:undefined:undefined:undefined":7,"s:60:4:60:Infinity":17,"b:60:8:60:16:60:20:60:42":8,"s:60:44:60:Infinity":18,"b:61:4:65:Infinity:undefined:undefined:undefined:undefined":9,"s:61:4:65:Infinity":19,"s:63:24:63:66":20,"s:64:6:64:Infinity":21,"s:67:4:67:Infinity":22,"f:73:2:73:21":4,"b:74:4:74:Infinity:undefined:undefined:undefined:undefined":10,"s:74:4:74:Infinity":23,"s:74:24:74:Infinity":24,"b:75:4:75:Infinity:undefined:undefined:undefined:undefined":11,"s:75:4:75:Infinity":25,"s:75:24:75:Infinity":26,"b:76:4:76:Infinity:undefined:undefined:undefined:undefined":12,"s:76:4:76:Infinity":27,"s:76:24:76:Infinity":28,"b:77:4:77:Infinity:undefined:undefined:undefined:undefined":13,"s:77:4:77:Infinity":29,"s:77:24:77:Infinity":30,"s:78:4:78:Infinity":31,"s:82:34:82:58":32}}}
,"D:\\Ashish\\code\\hack2skill\\PromptWars-Warmup\\js\\engine\\Evaluator.js": {"path":"D:\\Ashish\\code\\hack2skill\\PromptWars-Warmup\\js\\engine\\Evaluator.js","statementMap":{"0":{"start":{"line":14,"column":17},"end":{"line":14,"column":35}},"1":{"start":{"line":15,"column":4},"end":{"line":15,"column":null}},"2":{"start":{"line":15,"column":27},"end":{"line":15,"column":null}},"3":{"start":{"line":18,"column":23},"end":{"line":20,"column":62}},"4":{"start":{"line":19,"column":22},"end":{"line":19,"column":47}},"5":{"start":{"line":20,"column":29},"end":{"line":20,"column":61}},"6":{"start":{"line":22,"column":4},"end":{"line":28,"column":null}},"7":{"start":{"line":24,"column":21},"end":{"line":26,"column":40}},"8":{"start":{"line":25,"column":24},"end":{"line":25,"column":98}},"9":{"start":{"line":26,"column":24},"end":{"line":26,"column":39}},"10":{"start":{"line":27,"column":6},"end":{"line":27,"column":null}},"11":{"start":{"line":31,"column":4},"end":{"line":33,"column":null}},"12":{"start":{"line":32,"column":6},"end":{"line":32,"column":null}},"13":{"start":{"line":34,"column":4},"end":{"line":34,"column":null}},"14":{"start":{"line":44,"column":4},"end":{"line":49,"column":null}},"15":{"start":{"line":56,"column":4},"end":{"line":76,"column":null}},"16":{"start":{"line":57,"column":23},"end":{"line":62,"column":7}},"17":{"start":{"line":63,"column":6},"end":{"line":68,"column":null}},"18":{"start":{"line":70,"column":6},"end":{"line":75,"column":null}},"19":{"start":{"line":84,"column":4},"end":{"line":84,"column":null}},"20":{"start":{"line":84,"column":33},"end":{"line":84,"column":null}},"21":{"start":{"line":85,"column":18},"end":{"line":88,"column":9}},"22":{"start":{"line":86,"column":16},"end":{"line":86,"column":37}},"23":{"start":{"line":87,"column":6},"end":{"line":87,"column":null}},"24":{"start":{"line":89,"column":4},"end":{"line":89,"column":null}},"25":{"start":{"line":93,"column":25},"end":{"line":93,"column":40}}},"fnMap":{"0":{"name":"(anonymous_0)","decl":{"start":{"line":13,"column":2},"end":{"line":13,"column":16}},"loc":{"start":{"line":13,"column":66},"end":{"line":35,"column":null}},"line":13},"1":{"name":"(anonymous_1)","decl":{"start":{"line":19,"column":11},"end":{"line":19,"column":12}},"loc":{"start":{"line":19,"column":22},"end":{"line":19,"column":47}},"line":19},"2":{"name":"(anonymous_2)","decl":{"start":{"line":20,"column":14},"end":{"line":20,"column":15}},"loc":{"start":{"line":20,"column":29},"end":{"line":20,"column":61}},"line":20},"3":{"name":"(anonymous_3)","decl":{"start":{"line":25,"column":13},"end":{"line":25,"column":14}},"loc":{"start":{"line":25,"column":24},"end":{"line":25,"column":98}},"line":25},"4":{"name":"(anonymous_4)","decl":{"start":{"line":26,"column":14},"end":{"line":26,"column":15}},"loc":{"start":{"line":26,"column":24},"end":{"line":26,"column":39}},"line":26},"5":{"name":"(anonymous_5)","decl":{"start":{"line":31,"column":20},"end":{"line":31,"column":21}},"loc":{"start":{"line":32,"column":6},"end":{"line":32,"column":null}},"line":32},"6":{"name":"(anonymous_6)","decl":{"start":{"line":43,"column":2},"end":{"line":43,"column":13}},"loc":{"start":{"line":43,"column":39},"end":{"line":50,"column":null}},"line":43},"7":{"name":"(anonymous_7)","decl":{"start":{"line":55,"column":2},"end":{"line":55,"column":18}},"loc":{"start":{"line":55,"column":46},"end":{"line":77,"column":null}},"line":55},"8":{"name":"(anonymous_8)","decl":{"start":{"line":83,"column":2},"end":{"line":83,"column":25}},"loc":{"start":{"line":83,"column":57},"end":{"line":90,"column":null}},"line":83},"9":{"name":"(anonymous_9)","decl":{"start":{"line":85,"column":36},"end":{"line":85,"column":37}},"loc":{"start":{"line":85,"column":49},"end":{"line":88,"column":5}},"line":85}},"branchMap":{"0":{"loc":{"start":{"line":13,"column":44},"end":{"line":13,"column":64}},"type":"default-arg","locations":[{"start":{"line":13,"column":62},"end":{"line":13,"column":64}}],"line":13},"1":{"loc":{"start":{"line":14,"column":17},"end":{"line":14,"column":35}},"type":"binary-expr","locations":[{"start":{"line":14,"column":17},"end":{"line":14,"column":29}},{"start":{"line":14,"column":33},"end":{"line":14,"column":35}}],"line":14},"2":{"loc":{"start":{"line":15,"column":4},"end":{"line":15,"column":null}},"type":"if","locations":[{"start":{"line":15,"column":4},"end":{"line":15,"column":null}},{"start":{},"end":{}}],"line":15},"3":{"loc":{"start":{"line":22,"column":4},"end":{"line":28,"column":null}},"type":"if","locations":[{"start":{"line":22,"column":4},"end":{"line":28,"column":null}},{"start":{},"end":{}}],"line":22},"4":{"loc":{"start":{"line":48,"column":19},"end":{"line":48,"column":null}},"type":"binary-expr","locations":[{"start":{"line":48,"column":19},"end":{"line":48,"column":39}},{"start":{"line":48,"column":43},"end":{"line":48,"column":null}}],"line":48},"5":{"loc":{"start":{"line":56,"column":4},"end":{"line":76,"column":null}},"type":"if","locations":[{"start":{"line":56,"column":4},"end":{"line":76,"column":null}},{"start":{"line":69,"column":11},"end":{"line":76,"column":null}}],"line":56},"6":{"loc":{"start":{"line":84,"column":4},"end":{"line":84,"column":null}},"type":"if","locations":[{"start":{"line":84,"column":4},"end":{"line":84,"column":null}},{"start":{},"end":{}}],"line":84},"7":{"loc":{"start":{"line":87,"column":20},"end":{"line":87,"column":47}},"type":"cond-expr","locations":[{"start":{"line":87,"column":24},"end":{"line":87,"column":43}},{"start":{"line":87,"column":46},"end":{"line":87,"column":47}}],"line":87}},"s":{"0":4,"1":4,"2":0,"3":4,"4":12,"5":12,"6":4,"7":0,"8":0,"9":0,"10":0,"11":4,"12":7,"13":4,"14":3,"15":3,"16":1,"17":1,"18":2,"19":2,"20":1,"21":1,"22":2,"23":2,"24":1,"25":2},"f":{"0":4,"1":12,"2":12,"3":0,"4":0,"5":7,"6":3,"7":3,"8":2,"9":2},"b":{"0":[4],"1":[4,0],"2":[0,4],"3":[0,4],"4":[3,0],"5":[1,2],"6":[1,1],"7":[2,0]},"meta":{"lastBranch":8,"lastFunction":10,"lastStatement":26,"seen":{"f:13:2:13:16":0,"b:13:62:13:64":0,"s:14:17:14:35":0,"b:14:17:14:29:14:33:14:35":1,"b:15:4:15:Infinity:undefined:undefined:undefined:undefined":2,"s:15:4:15:Infinity":1,"s:15:27:15:Infinity":2,"s:18:23:20:62":3,"f:19:11:19:12":1,"s:19:22:19:47":4,"f:20:14:20:15":2,"s:20:29:20:61":5,"b:22:4:28:Infinity:undefined:undefined:undefined:undefined":3,"s:22:4:28:Infinity":6,"s:24:21:26:40":7,"f:25:13:25:14":3,"s:25:24:25:98":8,"f:26:14:26:15":4,"s:26:24:26:39":9,"s:27:6:27:Infinity":10,"s:31:4:33:Infinity":11,"f:31:20:31:21":5,"s:32:6:32:Infinity":12,"s:34:4:34:Infinity":13,"f:43:2:43:13":6,"s:44:4:49:Infinity":14,"b:48:19:48:39:48:43:48:Infinity":4,"f:55:2:55:18":7,"b:56:4:76:Infinity:69:11:76:Infinity":5,"s:56:4:76:Infinity":15,"s:57:23:62:7":16,"s:63:6:68:Infinity":17,"s:70:6:75:Infinity":18,"f:83:2:83:25":8,"b:84:4:84:Infinity:undefined:undefined:undefined:undefined":6,"s:84:4:84:Infinity":19,"s:84:33:84:Infinity":20,"s:85:18:88:9":21,"f:85:36:85:37":9,"s:86:16:86:37":22,"s:87:6:87:Infinity":23,"b:87:24:87:43:87:46:87:47":7,"s:89:4:89:Infinity":24,"s:93:25:93:40":25}}}
,"D:\\Ashish\\code\\hack2skill\\PromptWars-Warmup\\js\\engine\\Recommender.js": {"path":"D:\\Ashish\\code\\hack2skill\\PromptWars-Warmup\\js\\engine\\Recommender.js","statementMap":{"0":{"start":{"line":14,"column":17},"end":{"line":14,"column":36}},"1":{"start":{"line":15,"column":4},"end":{"line":15,"column":null}},"2":{"start":{"line":15,"column":16},"end":{"line":15,"column":null}},"3":{"start":{"line":18,"column":4},"end":{"line":21,"column":null}},"4":{"start":{"line":19,"column":22},"end":{"line":19,"column":60}},"5":{"start":{"line":20,"column":6},"end":{"line":20,"column":null}},"6":{"start":{"line":20,"column":46},"end":{"line":20,"column":null}},"7":{"start":{"line":24,"column":17},"end":{"line":33,"column":8}},"8":{"start":{"line":26,"column":18},"end":{"line":26,"column":50}},"9":{"start":{"line":27,"column":8},"end":{"line":27,"column":null}},"10":{"start":{"line":30,"column":19},"end":{"line":30,"column":51}},"11":{"start":{"line":31,"column":19},"end":{"line":31,"column":51}},"12":{"start":{"line":32,"column":8},"end":{"line":32,"column":null}},"13":{"start":{"line":35,"column":4},"end":{"line":35,"column":null}},"14":{"start":{"line":35,"column":25},"end":{"line":35,"column":null}},"15":{"start":{"line":38,"column":4},"end":{"line":38,"column":null}},"16":{"start":{"line":45,"column":15},"end":{"line":45,"column":32}},"17":{"start":{"line":46,"column":4},"end":{"line":53,"column":null}},"18":{"start":{"line":47,"column":16},"end":{"line":47,"column":48}},"19":{"start":{"line":48,"column":6},"end":{"line":48,"column":null}},"20":{"start":{"line":50,"column":17},"end":{"line":50,"column":49}},"21":{"start":{"line":51,"column":17},"end":{"line":51,"column":49}},"22":{"start":{"line":52,"column":6},"end":{"line":52,"column":null}},"23":{"start":{"line":61,"column":4},"end":{"line":70,"column":null}},"24":{"start":{"line":62,"column":25},"end":{"line":62,"column":69}},"25":{"start":{"line":63,"column":23},"end":{"line":63,"column":65}},"26":{"start":{"line":64,"column":6},"end":{"line":64,"column":null}},"27":{"start":{"line":67,"column":6},"end":{"line":67,"column":null}},"28":{"start":{"line":67,"column":41},"end":{"line":67,"column":null}},"29":{"start":{"line":68,"column":6},"end":{"line":68,"column":null}},"30":{"start":{"line":68,"column":53},"end":{"line":68,"column":null}},"31":{"start":{"line":69,"column":6},"end":{"line":69,"column":59}},"32":{"start":{"line":77,"column":4},"end":{"line":77,"column":null}},"33":{"start":{"line":77,"column":66},"end":{"line":77,"column":null}},"34":{"start":{"line":78,"column":4},"end":{"line":85,"column":null}},"35":{"start":{"line":79,"column":25},"end":{"line":79,"column":50}},"36":{"start":{"line":80,"column":6},"end":{"line":80,"column":null}},"37":{"start":{"line":80,"column":24},"end":{"line":80,"column":null}},"38":{"start":{"line":81,"column":6},"end":{"line":84,"column":null}},"39":{"start":{"line":82,"column":18},"end":{"line":82,"column":50}},"40":{"start":{"line":83,"column":8},"end":{"line":83,"column":null}},"41":{"start":{"line":92,"column":21},"end":{"line":92,"column":35}},"42":{"start":{"line":93,"column":20},"end":{"line":96,"column":6}},"43":{"start":{"line":94,"column":16},"end":{"line":94,"column":48}},"44":{"start":{"line":95,"column":6},"end":{"line":95,"column":null}},"45":{"start":{"line":97,"column":21},"end":{"line":100,"column":13}},"46":{"start":{"line":98,"column":16},"end":{"line":98,"column":48}},"47":{"start":{"line":99,"column":6},"end":{"line":99,"column":null}},"48":{"start":{"line":101,"column":4},"end":{"line":106,"column":null}},"49":{"start":{"line":110,"column":27},"end":{"line":110,"column":44}}},"fnMap":{"0":{"name":"(anonymous_0)","decl":{"start":{"line":13,"column":2},"end":{"line":13,"column":23}},"loc":{"start":{"line":13,"column":46},"end":{"line":39,"column":null}},"line":13},"1":{"name":"(anonymous_1)","decl":{"start":{"line":25,"column":14},"end":{"line":25,"column":15}},"loc":{"start":{"line":25,"column":19},"end":{"line":28,"column":7}},"line":25},"2":{"name":"(anonymous_2)","decl":{"start":{"line":29,"column":12},"end":{"line":29,"column":13}},"loc":{"start":{"line":29,"column":22},"end":{"line":33,"column":7}},"line":29},"3":{"name":"(anonymous_3)","decl":{"start":{"line":44,"column":2},"end":{"line":44,"column":19}},"loc":{"start":{"line":44,"column":33},"end":{"line":54,"column":null}},"line":44},"4":{"name":"(anonymous_4)","decl":{"start":{"line":46,"column":22},"end":{"line":46,"column":23}},"loc":{"start":{"line":46,"column":27},"end":{"line":49,"column":5}},"line":46},"5":{"name":"(anonymous_5)","decl":{"start":{"line":49,"column":12},"end":{"line":49,"column":13}},"loc":{"start":{"line":49,"column":22},"end":{"line":53,"column":5}},"line":49},"6":{"name":"(anonymous_6)","decl":{"start":{"line":60,"column":2},"end":{"line":60,"column":20}},"loc":{"start":{"line":60,"column":34},"end":{"line":71,"column":null}},"line":60},"7":{"name":"(anonymous_7)","decl":{"start":{"line":61,"column":33},"end":{"line":61,"column":38}},"loc":{"start":{"line":61,"column":42},"end":{"line":65,"column":5}},"line":61},"8":{"name":"(anonymous_8)","decl":{"start":{"line":65,"column":12},"end":{"line":65,"column":13}},"loc":{"start":{"line":65,"column":22},"end":{"line":70,"column":5}},"line":65},"9":{"name":"(anonymous_9)","decl":{"start":{"line":76,"column":2},"end":{"line":76,"column":21}},"loc":{"start":{"line":76,"column":42},"end":{"line":86,"column":null}},"line":76},"10":{"name":"(anonymous_10)","decl":{"start":{"line":78,"column":37},"end":{"line":78,"column":50}},"loc":{"start":{"line":78,"column":54},"end":{"line":85,"column":5}},"line":78},"11":{"name":"(anonymous_11)","decl":{"start":{"line":81,"column":40},"end":{"line":81,"column":41}},"loc":{"start":{"line":81,"column":45},"end":{"line":84,"column":7}},"line":81},"12":{"name":"(anonymous_12)","decl":{"start":{"line":91,"column":2},"end":{"line":91,"column":19}},"loc":{"start":{"line":91,"column":40},"end":{"line":107,"column":null}},"line":91},"13":{"name":"(anonymous_13)","decl":{"start":{"line":93,"column":34},"end":{"line":93,"column":35}},"loc":{"start":{"line":93,"column":39},"end":{"line":96,"column":5}},"line":93},"14":{"name":"(anonymous_14)","decl":{"start":{"line":97,"column":37},"end":{"line":97,"column":38}},"loc":{"start":{"line":97,"column":42},"end":{"line":100,"column":5}},"line":97}},"branchMap":{"0":{"loc":{"start":{"line":15,"column":4},"end":{"line":15,"column":null}},"type":"if","locations":[{"start":{"line":15,"column":4},"end":{"line":15,"column":null}},{"start":{},"end":{}}],"line":15},"1":{"loc":{"start":{"line":20,"column":6},"end":{"line":20,"column":null}},"type":"if","locations":[{"start":{"line":20,"column":6},"end":{"line":20,"column":null}},{"start":{},"end":{}}],"line":20},"2":{"loc":{"start":{"line":20,"column":10},"end":{"line":20,"column":44}},"type":"binary-expr","locations":[{"start":{"line":20,"column":10},"end":{"line":20,"column":18}},{"start":{"line":20,"column":22},"end":{"line":20,"column":44}}],"line":20},"3":{"loc":{"start":{"line":27,"column":15},"end":{"line":27,"column":69}},"type":"binary-expr","locations":[{"start":{"line":27,"column":15},"end":{"line":27,"column":16}},{"start":{"line":27,"column":20},"end":{"line":27,"column":31}},{"start":{"line":27,"column":35},"end":{"line":27,"column":69}}],"line":27},"4":{"loc":{"start":{"line":35,"column":4},"end":{"line":35,"column":null}},"type":"if","locations":[{"start":{"line":35,"column":4},"end":{"line":35,"column":null}},{"start":{},"end":{}}],"line":35},"5":{"loc":{"start":{"line":48,"column":13},"end":{"line":48,"column":85}},"type":"binary-expr","locations":[{"start":{"line":48,"column":13},"end":{"line":48,"column":14}},{"start":{"line":48,"column":18},"end":{"line":48,"column":32}},{"start":{"line":48,"column":36},"end":{"line":48,"column":47}},{"start":{"line":48,"column":51},"end":{"line":48,"column":85}}],"line":48},"6":{"loc":{"start":{"line":67,"column":6},"end":{"line":67,"column":null}},"type":"if","locations":[{"start":{"line":67,"column":6},"end":{"line":67,"column":null}},{"start":{},"end":{}}],"line":67},"7":{"loc":{"start":{"line":68,"column":6},"end":{"line":68,"column":null}},"type":"if","locations":[{"start":{"line":68,"column":6},"end":{"line":68,"column":null}},{"start":{},"end":{}}],"line":68},"8":{"loc":{"start":{"line":77,"column":4},"end":{"line":77,"column":null}},"type":"if","locations":[{"start":{"line":77,"column":4},"end":{"line":77,"column":null}},{"start":{},"end":{}}],"line":77},"9":{"loc":{"start":{"line":77,"column":8},"end":{"line":77,"column":64}},"type":"binary-expr","locations":[{"start":{"line":77,"column":8},"end":{"line":77,"column":28}},{"start":{"line":77,"column":32},"end":{"line":77,"column":64}}],"line":77},"10":{"loc":{"start":{"line":80,"column":6},"end":{"line":80,"column":null}},"type":"if","locations":[{"start":{"line":80,"column":6},"end":{"line":80,"column":null}},{"start":{},"end":{}}],"line":80},"11":{"loc":{"start":{"line":83,"column":15},"end":{"line":83,"column":32}},"type":"binary-expr","locations":[{"start":{"line":83,"column":15},"end":{"line":83,"column":16}},{"start":{"line":83,"column":20},"end":{"line":83,"column":32}}],"line":83},"12":{"loc":{"start":{"line":95,"column":13},"end":{"line":95,"column":32}},"type":"binary-expr","locations":[{"start":{"line":95,"column":13},"end":{"line":95,"column":14}},{"start":{"line":95,"column":18},"end":{"line":95,"column":32}}],"line":95},"13":{"loc":{"start":{"line":99,"column":13},"end":{"line":99,"column":30}},"type":"binary-expr","locations":[{"start":{"line":99,"column":13},"end":{"line":99,"column":14}},{"start":{"line":99,"column":18},"end":{"line":99,"column":30}}],"line":99},"14":{"loc":{"start":{"line":105,"column":18},"end":{"line":105,"column":null}},"type":"cond-expr","locations":[{"start":{"line":105,"column":40},"end":{"line":105,"column":86}},{"start":{"line":105,"column":89},"end":{"line":105,"column":null}}],"line":105}},"s":{"0":1,"1":1,"2":0,"3":1,"4":1,"5":1,"6":1,"7":0,"8":0,"9":0,"10":0,"11":0,"12":0,"13":0,"14":0,"15":0,"16":0,"17":0,"18":0,"19":0,"20":0,"21":0,"22":0,"23":0,"24":0,"25":0,"26":0,"27":0,"28":0,"29":0,"30":0,"31":0,"32":0,"33":0,"34":0,"35":0,"36":0,"37":0,"38":0,"39":0,"40":0,"41":0,"42":0,"43":0,"44":0,"45":0,"46":0,"47":0,"48":0,"49":1},"f":{"0":1,"1":0,"2":0,"3":0,"4":0,"5":0,"6":0,"7":0,"8":0,"9":0,"10":0,"11":0,"12":0,"13":0,"14":0},"b":{"0":[0,1],"1":[1,0],"2":[1,0],"3":[0,0,0],"4":[0,0],"5":[0,0,0,0],"6":[0,0],"7":[0,0],"8":[0,0],"9":[0,0],"10":[0,0],"11":[0,0],"12":[0,0],"13":[0,0],"14":[0,0]},"meta":{"lastBranch":15,"lastFunction":15,"lastStatement":50,"seen":{"f:13:2:13:23":0,"s:14:17:14:36":0,"b:15:4:15:Infinity:undefined:undefined:undefined:undefined":0,"s:15:4:15:Infinity":1,"s:15:16:15:Infinity":2,"s:18:4:21:Infinity":3,"s:19:22:19:60":4,"b:20:6:20:Infinity:undefined:undefined:undefined:undefined":1,"s:20:6:20:Infinity":5,"b:20:10:20:18:20:22:20:44":2,"s:20:46:20:Infinity":6,"s:24:17:33:8":7,"f:25:14:25:15":1,"s:26:18:26:50":8,"s:27:8:27:Infinity":9,"b:27:15:27:16:27:20:27:31:27:35:27:69":3,"f:29:12:29:13":2,"s:30:19:30:51":10,"s:31:19:31:51":11,"s:32:8:32:Infinity":12,"b:35:4:35:Infinity:undefined:undefined:undefined:undefined":4,"s:35:4:35:Infinity":13,"s:35:25:35:Infinity":14,"s:38:4:38:Infinity":15,"f:44:2:44:19":3,"s:45:15:45:32":16,"s:46:4:53:Infinity":17,"f:46:22:46:23":4,"s:47:16:47:48":18,"s:48:6:48:Infinity":19,"b:48:13:48:14:48:18:48:32:48:36:48:47:48:51:48:85":5,"f:49:12:49:13":5,"s:50:17:50:49":20,"s:51:17:51:49":21,"s:52:6:52:Infinity":22,"f:60:2:60:20":6,"s:61:4:70:Infinity":23,"f:61:33:61:38":7,"s:62:25:62:69":24,"s:63:23:63:65":25,"s:64:6:64:Infinity":26,"f:65:12:65:13":8,"b:67:6:67:Infinity:undefined:undefined:undefined:undefined":6,"s:67:6:67:Infinity":27,"s:67:41:67:Infinity":28,"b:68:6:68:Infinity:undefined:undefined:undefined:undefined":7,"s:68:6:68:Infinity":29,"s:68:53:68:Infinity":30,"s:69:6:69:59":31,"f:76:2:76:21":9,"b:77:4:77:Infinity:undefined:undefined:undefined:undefined":8,"s:77:4:77:Infinity":32,"b:77:8:77:28:77:32:77:64":9,"s:77:66:77:Infinity":33,"s:78:4:85:Infinity":34,"f:78:37:78:50":10,"s:79:25:79:50":35,"b:80:6:80:Infinity:undefined:undefined:undefined:undefined":10,"s:80:6:80:Infinity":36,"s:80:24:80:Infinity":37,"s:81:6:84:Infinity":38,"f:81:40:81:41":11,"s:82:18:82:50":39,"s:83:8:83:Infinity":40,"b:83:15:83:16:83:20:83:32":11,"f:91:2:91:19":12,"s:92:21:92:35":41,"s:93:20:96:6":42,"f:93:34:93:35":13,"s:94:16:94:48":43,"s:95:6:95:Infinity":44,"b:95:13:95:14:95:18:95:32":12,"s:97:21:100:13":45,"f:97:37:97:38":14,"s:98:16:98:48":46,"s:99:6:99:Infinity":47,"b:99:13:99:14:99:18:99:30":13,"s:101:4:106:Infinity":48,"b:105:40:105:86:105:89:105:Infinity":14,"s:110:27:110:44":49}}}
,"D:\\Ashish\\code\\hack2skill\\PromptWars-Warmup\\js\\engine\\SessionManager.js": {"path":"D:\\Ashish\\code\\hack2skill\\PromptWars-Warmup\\js\\engine\\SessionManager.js","statementMap":{"0":{"start":{"line":14,"column":4},"end":{"line":14,"column":null}},"1":{"start":{"line":15,"column":4},"end":{"line":15,"column":null}},"2":{"start":{"line":16,"column":4},"end":{"line":16,"column":null}},"3":{"start":{"line":21,"column":4},"end":{"line":21,"column":null}},"4":{"start":{"line":21,"column":33},"end":{"line":21,"column":null}},"5":{"start":{"line":22,"column":4},"end":{"line":22,"column":null}},"6":{"start":{"line":26,"column":4},"end":{"line":26,"column":null}},"7":{"start":{"line":26,"column":49},"end":{"line":26,"column":57}},"8":{"start":{"line":31,"column":4},"end":{"line":31,"column":null}},"9":{"start":{"line":32,"column":17},"end":{"line":32,"column":36}},"10":{"start":{"line":33,"column":24},"end":{"line":33,"column":80}},"11":{"start":{"line":35,"column":4},"end":{"line":37,"column":null}},"12":{"start":{"line":36,"column":6},"end":{"line":36,"column":null}},"13":{"start":{"line":39,"column":4},"end":{"line":39,"column":null}},"14":{"start":{"line":40,"column":4},"end":{"line":40,"column":null}},"15":{"start":{"line":45,"column":19},"end":{"line":45,"column":42}},"16":{"start":{"line":46,"column":4},"end":{"line":46,"column":null}},"17":{"start":{"line":46,"column":18},"end":{"line":46,"column":null}},"18":{"start":{"line":48,"column":20},"end":{"line":48,"column":54}},"19":{"start":{"line":49,"column":21},"end":{"line":49,"column":67}},"20":{"start":{"line":50,"column":24},"end":{"line":50,"column":71}},"21":{"start":{"line":53,"column":4},"end":{"line":55,"column":null}},"22":{"start":{"line":56,"column":4},"end":{"line":56,"column":null}},"23":{"start":{"line":57,"column":4},"end":{"line":57,"column":null}},"24":{"start":{"line":58,"column":4},"end":{"line":58,"column":null}},"25":{"start":{"line":60,"column":4},"end":{"line":60,"column":null}},"26":{"start":{"line":61,"column":4},"end":{"line":61,"column":null}},"27":{"start":{"line":66,"column":19},"end":{"line":66,"column":60}},"28":{"start":{"line":67,"column":4},"end":{"line":67,"column":null}},"29":{"start":{"line":67,"column":18},"end":{"line":67,"column":null}},"30":{"start":{"line":69,"column":24},"end":{"line":69,"column":71}},"31":{"start":{"line":70,"column":4},"end":{"line":70,"column":null}},"32":{"start":{"line":71,"column":4},"end":{"line":71,"column":null}},"33":{"start":{"line":73,"column":4},"end":{"line":73,"column":null}},"34":{"start":{"line":74,"column":4},"end":{"line":74,"column":null}},"35":{"start":{"line":79,"column":19},"end":{"line":79,"column":60}},"36":{"start":{"line":80,"column":4},"end":{"line":80,"column":null}},"37":{"start":{"line":80,"column":18},"end":{"line":80,"column":null}},"38":{"start":{"line":82,"column":20},"end":{"line":82,"column":55}},"39":{"start":{"line":83,"column":30},"end":{"line":85,"column":32}},"40":{"start":{"line":84,"column":19},"end":{"line":84,"column":45}},"41":{"start":{"line":85,"column":16},"end":{"line":85,"column":31}},"42":{"start":{"line":87,"column":21},"end":{"line":87,"column":103}},"43":{"start":{"line":88,"column":4},"end":{"line":88,"column":null}},"44":{"start":{"line":88,"column":19},"end":{"line":88,"column":null}},"45":{"start":{"line":90,"column":4},"end":{"line":90,"column":null}},"46":{"start":{"line":91,"column":4},"end":{"line":91,"column":null}},"47":{"start":{"line":93,"column":4},"end":{"line":93,"column":null}},"48":{"start":{"line":94,"column":4},"end":{"line":94,"column":null}},"49":{"start":{"line":99,"column":19},"end":{"line":99,"column":60}},"50":{"start":{"line":100,"column":4},"end":{"line":100,"column":null}},"51":{"start":{"line":100,"column":18},"end":{"line":100,"column":null}},"52":{"start":{"line":102,"column":21},"end":{"line":102,"column":66}},"53":{"start":{"line":103,"column":4},"end":{"line":103,"column":null}},"54":{"start":{"line":103,"column":19},"end":{"line":103,"column":null}},"55":{"start":{"line":106,"column":18},"end":{"line":106,"column":70}},"56":{"start":{"line":107,"column":21},"end":{"line":107,"column":69}},"57":{"start":{"line":110,"column":4},"end":{"line":113,"column":null}},"58":{"start":{"line":116,"column":4},"end":{"line":116,"column":null}},"59":{"start":{"line":117,"column":4},"end":{"line":117,"column":null}},"60":{"start":{"line":120,"column":20},"end":{"line":120,"column":55}},"61":{"start":{"line":121,"column":4},"end":{"line":123,"column":null}},"62":{"start":{"line":125,"column":4},"end":{"line":125,"column":null}},"63":{"start":{"line":127,"column":4},"end":{"line":127,"column":null}},"64":{"start":{"line":128,"column":4},"end":{"line":128,"column":null}},"65":{"start":{"line":133,"column":19},"end":{"line":133,"column":60}},"66":{"start":{"line":134,"column":4},"end":{"line":134,"column":null}},"67":{"start":{"line":134,"column":18},"end":{"line":134,"column":null}},"68":{"start":{"line":136,"column":20},"end":{"line":136,"column":55}},"69":{"start":{"line":137,"column":37},"end":{"line":137,"column":102}},"70":{"start":{"line":137,"column":75},"end":{"line":137,"column":101}},"71":{"start":{"line":140,"column":4},"end":{"line":143,"column":null}},"72":{"start":{"line":141,"column":6},"end":{"line":141,"column":null}},"73":{"start":{"line":142,"column":6},"end":{"line":142,"column":null}},"74":{"start":{"line":146,"column":24},"end":{"line":146,"column":98}},"75":{"start":{"line":148,"column":4},"end":{"line":153,"column":null}},"76":{"start":{"line":149,"column":6},"end":{"line":149,"column":null}},"77":{"start":{"line":152,"column":6},"end":{"line":152,"column":null}},"78":{"start":{"line":158,"column":4},"end":{"line":158,"column":null}},"79":{"start":{"line":159,"column":18},"end":{"line":159,"column":46}},"80":{"start":{"line":160,"column":24},"end":{"line":160,"column":78}},"81":{"start":{"line":162,"column":4},"end":{"line":162,"column":null}},"82":{"start":{"line":163,"column":4},"end":{"line":163,"column":null}},"83":{"start":{"line":168,"column":4},"end":{"line":168,"column":null}},"84":{"start":{"line":169,"column":4},"end":{"line":169,"column":null}},"85":{"start":{"line":170,"column":18},"end":{"line":170,"column":41}},"86":{"start":{"line":172,"column":4},"end":{"line":172,"column":null}},"87":{"start":{"line":173,"column":4},"end":{"line":173,"column":null}},"88":{"start":{"line":174,"column":4},"end":{"line":174,"column":null}},"89":{"start":{"line":179,"column":4},"end":{"line":179,"column":null}},"90":{"start":{"line":180,"column":4},"end":{"line":180,"column":null}}},"fnMap":{"0":{"name":"(anonymous_0)","decl":{"start":{"line":13,"column":2},"end":{"line":13,"column":13}},"loc":{"start":{"line":13,"column":42},"end":{"line":17,"column":null}},"line":13},"1":{"name":"(anonymous_1)","decl":{"start":{"line":20,"column":2},"end":{"line":20,"column":4}},"loc":{"start":{"line":20,"column":22},"end":{"line":23,"column":null}},"line":20},"2":{"name":"(anonymous_2)","decl":{"start":{"line":25,"column":2},"end":{"line":25,"column":7}},"loc":{"start":{"line":25,"column":21},"end":{"line":27,"column":null}},"line":25},"3":{"name":"(anonymous_3)","decl":{"start":{"line":26,"column":43},"end":{"line":26,"column":45}},"loc":{"start":{"line":26,"column":49},"end":{"line":26,"column":57}},"line":26},"4":{"name":"(anonymous_4)","decl":{"start":{"line":30,"column":2},"end":{"line":30,"column":14}},"loc":{"start":{"line":30,"column":24},"end":{"line":41,"column":null}},"line":30},"5":{"name":"(anonymous_5)","decl":{"start":{"line":44,"column":2},"end":{"line":44,"column":19}},"loc":{"start":{"line":44,"column":31},"end":{"line":62,"column":null}},"line":44},"6":{"name":"(anonymous_6)","decl":{"start":{"line":65,"column":2},"end":{"line":65,"column":16}},"loc":{"start":{"line":65,"column":27},"end":{"line":75,"column":null}},"line":65},"7":{"name":"(anonymous_7)","decl":{"start":{"line":78,"column":2},"end":{"line":78,"column":11}},"loc":{"start":{"line":78,"column":14},"end":{"line":95,"column":null}},"line":78},"8":{"name":"(anonymous_8)","decl":{"start":{"line":84,"column":14},"end":{"line":84,"column":15}},"loc":{"start":{"line":84,"column":19},"end":{"line":84,"column":45}},"line":84},"9":{"name":"(anonymous_9)","decl":{"start":{"line":85,"column":11},"end":{"line":85,"column":12}},"loc":{"start":{"line":85,"column":16},"end":{"line":85,"column":31}},"line":85},"10":{"name":"(anonymous_10)","decl":{"start":{"line":98,"column":2},"end":{"line":98,"column":14}},"loc":{"start":{"line":98,"column":36},"end":{"line":129,"column":null}},"line":98},"11":{"name":"(anonymous_11)","decl":{"start":{"line":132,"column":2},"end":{"line":132,"column":6}},"loc":{"start":{"line":132,"column":9},"end":{"line":154,"column":null}},"line":132},"12":{"name":"(anonymous_12)","decl":{"start":{"line":137,"column":70},"end":{"line":137,"column":71}},"loc":{"start":{"line":137,"column":75},"end":{"line":137,"column":101}},"line":137},"13":{"name":"(anonymous_13)","decl":{"start":{"line":157,"column":2},"end":{"line":157,"column":13}},"loc":{"start":{"line":157,"column":16},"end":{"line":164,"column":null}},"line":157},"14":{"name":"(anonymous_14)","decl":{"start":{"line":167,"column":2},"end":{"line":167,"column":12}},"loc":{"start":{"line":167,"column":15},"end":{"line":175,"column":null}},"line":167},"15":{"name":"(anonymous_15)","decl":{"start":{"line":178,"column":2},"end":{"line":178,"column":7}},"loc":{"start":{"line":178,"column":10},"end":{"line":181,"column":null}},"line":178}},"branchMap":{"0":{"loc":{"start":{"line":21,"column":4},"end":{"line":21,"column":null}},"type":"if","locations":[{"start":{"line":21,"column":4},"end":{"line":21,"column":null}},{"start":{},"end":{}}],"line":21},"1":{"loc":{"start":{"line":26,"column":5},"end":{"line":26,"column":33}},"type":"binary-expr","locations":[{"start":{"line":26,"column":5},"end":{"line":26,"column":27}},{"start":{"line":26,"column":31},"end":{"line":26,"column":33}}],"line":26},"2":{"loc":{"start":{"line":35,"column":4},"end":{"line":37,"column":null}},"type":"if","locations":[{"start":{"line":35,"column":4},"end":{"line":37,"column":null}},{"start":{},"end":{}}],"line":35},"3":{"loc":{"start":{"line":46,"column":4},"end":{"line":46,"column":null}},"type":"if","locations":[{"start":{"line":46,"column":4},"end":{"line":46,"column":null}},{"start":{},"end":{}}],"line":46},"4":{"loc":{"start":{"line":67,"column":4},"end":{"line":67,"column":null}},"type":"if","locations":[{"start":{"line":67,"column":4},"end":{"line":67,"column":null}},{"start":{},"end":{}}],"line":67},"5":{"loc":{"start":{"line":80,"column":4},"end":{"line":80,"column":null}},"type":"if","locations":[{"start":{"line":80,"column":4},"end":{"line":80,"column":null}},{"start":{},"end":{}}],"line":80},"6":{"loc":{"start":{"line":88,"column":4},"end":{"line":88,"column":null}},"type":"if","locations":[{"start":{"line":88,"column":4},"end":{"line":88,"column":null}},{"start":{},"end":{}}],"line":88},"7":{"loc":{"start":{"line":100,"column":4},"end":{"line":100,"column":null}},"type":"if","locations":[{"start":{"line":100,"column":4},"end":{"line":100,"column":null}},{"start":{},"end":{}}],"line":100},"8":{"loc":{"start":{"line":103,"column":4},"end":{"line":103,"column":null}},"type":"if","locations":[{"start":{"line":103,"column":4},"end":{"line":103,"column":null}},{"start":{},"end":{}}],"line":103},"9":{"loc":{"start":{"line":134,"column":4},"end":{"line":134,"column":null}},"type":"if","locations":[{"start":{"line":134,"column":4},"end":{"line":134,"column":null}},{"start":{},"end":{}}],"line":134},"10":{"loc":{"start":{"line":140,"column":4},"end":{"line":143,"column":null}},"type":"if","locations":[{"start":{"line":140,"column":4},"end":{"line":143,"column":null}},{"start":{},"end":{}}],"line":140},"11":{"loc":{"start":{"line":140,"column":8},"end":{"line":140,"column":64}},"type":"binary-expr","locations":[{"start":{"line":140,"column":8},"end":{"line":140,"column":43}},{"start":{"line":140,"column":47},"end":{"line":140,"column":64}}],"line":140},"12":{"loc":{"start":{"line":148,"column":4},"end":{"line":153,"column":null}},"type":"if","locations":[{"start":{"line":148,"column":4},"end":{"line":153,"column":null}},{"start":{"line":150,"column":11},"end":{"line":153,"column":null}}],"line":148},"13":{"loc":{"start":{"line":148,"column":8},"end":{"line":148,"column":52}},"type":"binary-expr","locations":[{"start":{"line":148,"column":8},"end":{"line":148,"column":19}},{"start":{"line":148,"column":23},"end":{"line":148,"column":52}}],"line":148}},"s":{"0":1,"1":1,"2":1,"3":0,"4":0,"5":0,"6":6,"7":0,"8":1,"9":1,"10":1,"11":1,"12":1,"13":1,"14":1,"15":1,"16":1,"17":0,"18":1,"19":1,"20":1,"21":1,"22":1,"23":1,"24":1,"25":1,"26":1,"27":0,"28":0,"29":0,"30":0,"31":0,"32":0,"33":0,"34":0,"35":2,"36":2,"37":0,"38":2,"39":2,"40":1,"41":1,"42":2,"43":2,"44":0,"45":2,"46":2,"47":2,"48":2,"49":1,"50":1,"51":0,"52":1,"53":1,"54":0,"55":1,"56":1,"57":1,"58":1,"59":1,"60":1,"61":1,"62":1,"63":1,"64":1,"65":1,"66":1,"67":0,"68":1,"69":1,"70":1,"71":1,"72":1,"73":1,"74":0,"75":0,"76":0,"77":0,"78":0,"79":0,"80":0,"81":0,"82":0,"83":1,"84":1,"85":1,"86":1,"87":1,"88":1,"89":6,"90":6},"f":{"0":1,"1":0,"2":6,"3":0,"4":1,"5":1,"6":0,"7":2,"8":1,"9":1,"10":1,"11":1,"12":1,"13":0,"14":1,"15":6},"b":{"0":[0,0],"1":[6,6],"2":[1,0],"3":[0,1],"4":[0,0],"5":[0,2],"6":[0,2],"7":[0,1],"8":[0,1],"9":[0,1],"10":[1,0],"11":[1,1],"12":[0,0],"13":[0,0]},"meta":{"lastBranch":14,"lastFunction":16,"lastStatement":91,"seen":{"f:13:2:13:13":0,"s:14:4:14:Infinity":0,"s:15:4:15:Infinity":1,"s:16:4:16:Infinity":2,"f:20:2:20:4":1,"b:21:4:21:Infinity:undefined:undefined:undefined:undefined":0,"s:21:4:21:Infinity":3,"s:21:33:21:Infinity":4,"s:22:4:22:Infinity":5,"f:25:2:25:7":2,"s:26:4:26:Infinity":6,"b:26:5:26:27:26:31:26:33":1,"f:26:43:26:45":3,"s:26:49:26:57":7,"f:30:2:30:14":4,"s:31:4:31:Infinity":8,"s:32:17:32:36":9,"s:33:24:33:80":10,"b:35:4:37:Infinity:undefined:undefined:undefined:undefined":2,"s:35:4:37:Infinity":11,"s:36:6:36:Infinity":12,"s:39:4:39:Infinity":13,"s:40:4:40:Infinity":14,"f:44:2:44:19":5,"s:45:19:45:42":15,"b:46:4:46:Infinity:undefined:undefined:undefined:undefined":3,"s:46:4:46:Infinity":16,"s:46:18:46:Infinity":17,"s:48:20:48:54":18,"s:49:21:49:67":19,"s:50:24:50:71":20,"s:53:4:55:Infinity":21,"s:56:4:56:Infinity":22,"s:57:4:57:Infinity":23,"s:58:4:58:Infinity":24,"s:60:4:60:Infinity":25,"s:61:4:61:Infinity":26,"f:65:2:65:16":6,"s:66:19:66:60":27,"b:67:4:67:Infinity:undefined:undefined:undefined:undefined":4,"s:67:4:67:Infinity":28,"s:67:18:67:Infinity":29,"s:69:24:69:71":30,"s:70:4:70:Infinity":31,"s:71:4:71:Infinity":32,"s:73:4:73:Infinity":33,"s:74:4:74:Infinity":34,"f:78:2:78:11":7,"s:79:19:79:60":35,"b:80:4:80:Infinity:undefined:undefined:undefined:undefined":5,"s:80:4:80:Infinity":36,"s:80:18:80:Infinity":37,"s:82:20:82:55":38,"s:83:30:85:32":39,"f:84:14:84:15":8,"s:84:19:84:45":40,"f:85:11:85:12":9,"s:85:16:85:31":41,"s:87:21:87:103":42,"b:88:4:88:Infinity:undefined:undefined:undefined:undefined":6,"s:88:4:88:Infinity":43,"s:88:19:88:Infinity":44,"s:90:4:90:Infinity":45,"s:91:4:91:Infinity":46,"s:93:4:93:Infinity":47,"s:94:4:94:Infinity":48,"f:98:2:98:14":10,"s:99:19:99:60":49,"b:100:4:100:Infinity:undefined:undefined:undefined:undefined":7,"s:100:4:100:Infinity":50,"s:100:18:100:Infinity":51,"s:102:21:102:66":52,"b:103:4:103:Infinity:undefined:undefined:undefined:undefined":8,"s:103:4:103:Infinity":53,"s:103:19:103:Infinity":54,"s:106:18:106:70":55,"s:107:21:107:69":56,"s:110:4:113:Infinity":57,"s:116:4:116:Infinity":58,"s:117:4:117:Infinity":59,"s:120:20:120:55":60,"s:121:4:123:Infinity":61,"s:125:4:125:Infinity":62,"s:127:4:127:Infinity":63,"s:128:4:128:Infinity":64,"f:132:2:132:6":11,"s:133:19:133:60":65,"b:134:4:134:Infinity:undefined:undefined:undefined:undefined":9,"s:134:4:134:Infinity":66,"s:134:18:134:Infinity":67,"s:136:20:136:55":68,"s:137:37:137:102":69,"f:137:70:137:71":12,"s:137:75:137:101":70,"b:140:4:143:Infinity:undefined:undefined:undefined:undefined":10,"s:140:4:143:Infinity":71,"b:140:8:140:43:140:47:140:64":11,"s:141:6:141:Infinity":72,"s:142:6:142:Infinity":73,"s:146:24:146:98":74,"b:148:4:153:Infinity:150:11:153:Infinity":12,"s:148:4:153:Infinity":75,"b:148:8:148:19:148:23:148:52":13,"s:149:6:149:Infinity":76,"s:152:6:152:Infinity":77,"f:157:2:157:13":13,"s:158:4:158:Infinity":78,"s:159:18:159:46":79,"s:160:24:160:78":80,"s:162:4:162:Infinity":81,"s:163:4:163:Infinity":82,"f:167:2:167:12":14,"s:168:4:168:Infinity":83,"s:169:4:169:Infinity":84,"s:170:18:170:41":85,"s:172:4:172:Infinity":86,"s:173:4:173:Infinity":87,"s:174:4:174:Infinity":88,"f:178:2:178:7":15,"s:179:4:179:Infinity":89,"s:180:4:180:Infinity":90}}}
,"D:\\Ashish\\code\\hack2skill\\PromptWars-Warmup\\js\\models\\LearningState.js": {"path":"D:\\Ashish\\code\\hack2skill\\PromptWars-Warmup\\js\\models\\LearningState.js","statementMap":{"0":{"start":{"line":7,"column":4},"end":{"line":7,"column":null}},"1":{"start":{"line":8,"column":4},"end":{"line":8,"column":null}},"2":{"start":{"line":9,"column":4},"end":{"line":9,"column":null}},"3":{"start":{"line":10,"column":4},"end":{"line":10,"column":null}},"4":{"start":{"line":11,"column":4},"end":{"line":11,"column":31}},"5":{"start":{"line":12,"column":4},"end":{"line":12,"column":null}},"6":{"start":{"line":13,"column":4},"end":{"line":13,"column":null}},"7":{"start":{"line":14,"column":4},"end":{"line":14,"column":29}},"8":{"start":{"line":15,"column":4},"end":{"line":15,"column":null}},"9":{"start":{"line":16,"column":4},"end":{"line":16,"column":29}},"10":{"start":{"line":20,"column":4},"end":{"line":20,"column":null}},"11":{"start":{"line":21,"column":4},"end":{"line":21,"column":null}},"12":{"start":{"line":22,"column":4},"end":{"line":22,"column":null}},"13":{"start":{"line":23,"column":4},"end":{"line":23,"column":null}},"14":{"start":{"line":24,"column":4},"end":{"line":24,"column":null}},"15":{"start":{"line":25,"column":4},"end":{"line":25,"column":null}},"16":{"start":{"line":29,"column":4},"end":{"line":29,"column":null}},"17":{"start":{"line":30,"column":4},"end":{"line":30,"column":null}},"18":{"start":{"line":34,"column":4},"end":{"line":38,"column":null}},"19":{"start":{"line":42,"column":20},"end":{"line":42,"column":39}},"20":{"start":{"line":43,"column":20},"end":{"line":43,"column":57}},"21":{"start":{"line":43,"column":40},"end":{"line":43,"column":49}},"22":{"start":{"line":44,"column":4},"end":{"line":51,"column":null}},"23":{"start":{"line":50,"column":52},"end":{"line":50,"column":63}},"24":{"start":{"line":55,"column":18},"end":{"line":55,"column":40}},"25":{"start":{"line":56,"column":4},"end":{"line":56,"column":null}},"26":{"start":{"line":57,"column":4},"end":{"line":57,"column":null}},"27":{"start":{"line":58,"column":4},"end":{"line":58,"column":null}},"28":{"start":{"line":59,"column":4},"end":{"line":59,"column":null}},"29":{"start":{"line":60,"column":4},"end":{"line":60,"column":null}},"30":{"start":{"line":61,"column":4},"end":{"line":61,"column":null}},"31":{"start":{"line":62,"column":4},"end":{"line":62,"column":null}},"32":{"start":{"line":66,"column":4},"end":{"line":72,"column":null}},"33":{"start":{"line":76,"column":18},"end":{"line":76,"column":48}},"34":{"start":{"line":77,"column":4},"end":{"line":77,"column":null}},"35":{"start":{"line":78,"column":4},"end":{"line":78,"column":null}}},"fnMap":{"0":{"name":"(anonymous_0)","decl":{"start":{"line":6,"column":2},"end":{"line":6,"column":13}},"loc":{"start":{"line":6,"column":22},"end":{"line":17,"column":null}},"line":6},"1":{"name":"(anonymous_1)","decl":{"start":{"line":19,"column":2},"end":{"line":19,"column":14}},"loc":{"start":{"line":19,"column":24},"end":{"line":26,"column":null}},"line":19},"2":{"name":"(anonymous_2)","decl":{"start":{"line":28,"column":2},"end":{"line":28,"column":20}},"loc":{"start":{"line":28,"column":54},"end":{"line":31,"column":null}},"line":28},"3":{"name":"(anonymous_3)","decl":{"start":{"line":33,"column":2},"end":{"line":33,"column":14}},"loc":{"start":{"line":33,"column":77},"end":{"line":39,"column":null}},"line":33},"4":{"name":"(anonymous_4)","decl":{"start":{"line":41,"column":2},"end":{"line":41,"column":17}},"loc":{"start":{"line":41,"column":20},"end":{"line":52,"column":null}},"line":41},"5":{"name":"(anonymous_5)","decl":{"start":{"line":43,"column":35},"end":{"line":43,"column":36}},"loc":{"start":{"line":43,"column":40},"end":{"line":43,"column":49}},"line":43},"6":{"name":"(anonymous_6)","decl":{"start":{"line":50,"column":47},"end":{"line":50,"column":48}},"loc":{"start":{"line":50,"column":52},"end":{"line":50,"column":63}},"line":50},"7":{"name":"(anonymous_7)","decl":{"start":{"line":54,"column":2},"end":{"line":54,"column":12}},"loc":{"start":{"line":54,"column":15},"end":{"line":63,"column":null}},"line":54},"8":{"name":"(anonymous_8)","decl":{"start":{"line":65,"column":2},"end":{"line":65,"column":8}},"loc":{"start":{"line":65,"column":11},"end":{"line":73,"column":null}},"line":65},"9":{"name":"(anonymous_9)","decl":{"start":{"line":75,"column":9},"end":{"line":75,"column":17}},"loc":{"start":{"line":75,"column":24},"end":{"line":79,"column":null}},"line":75}},"branchMap":{"0":{"loc":{"start":{"line":28,"column":32},"end":{"line":28,"column":52}},"type":"default-arg","locations":[{"start":{"line":28,"column":40},"end":{"line":28,"column":52}}],"line":28},"1":{"loc":{"start":{"line":48,"column":16},"end":{"line":48,"column":85}},"type":"cond-expr","locations":[{"start":{"line":48,"column":37},"end":{"line":48,"column":81}},{"start":{"line":48,"column":84},"end":{"line":48,"column":85}}],"line":48},"2":{"loc":{"start":{"line":49,"column":16},"end":{"line":49,"column":78}},"type":"cond-expr","locations":[{"start":{"line":49,"column":40},"end":{"line":49,"column":74}},{"start":{"line":49,"column":77},"end":{"line":49,"column":78}}],"line":49}},"s":{"0":8,"1":8,"2":8,"3":8,"4":8,"5":8,"6":8,"7":8,"8":8,"9":8,"10":6,"11":6,"12":6,"13":6,"14":6,"15":6,"16":3,"17":3,"18":6,"19":3,"20":3,"21":4,"22":3,"23":4,"24":2,"25":2,"26":2,"27":2,"28":2,"29":2,"30":2,"31":2,"32":7,"33":1,"34":1,"35":1},"f":{"0":8,"1":6,"2":3,"3":6,"4":3,"5":4,"6":4,"7":2,"8":7,"9":2},"b":{"0":[3],"1":[3,0],"2":[3,0]},"meta":{"lastBranch":3,"lastFunction":10,"lastStatement":36,"seen":{"f:6:2:6:13":0,"s:7:4:7:Infinity":0,"s:8:4:8:Infinity":1,"s:9:4:9:Infinity":2,"s:10:4:10:Infinity":3,"s:11:4:11:31":4,"s:12:4:12:Infinity":5,"s:13:4:13:Infinity":6,"s:14:4:14:29":7,"s:15:4:15:Infinity":8,"s:16:4:16:29":9,"f:19:2:19:14":1,"s:20:4:20:Infinity":10,"s:21:4:21:Infinity":11,"s:22:4:22:Infinity":12,"s:23:4:23:Infinity":13,"s:24:4:24:Infinity":14,"s:25:4:25:Infinity":15,"f:28:2:28:20":2,"b:28:40:28:52":0,"s:29:4:29:Infinity":16,"s:30:4:30:Infinity":17,"f:33:2:33:14":3,"s:34:4:38:Infinity":18,"f:41:2:41:17":4,"s:42:20:42:39":19,"s:43:20:43:57":20,"f:43:35:43:36":5,"s:43:40:43:49":21,"s:44:4:51:Infinity":22,"b:48:37:48:81:48:84:48:85":1,"b:49:40:49:74:49:77:49:78":2,"f:50:47:50:48":6,"s:50:52:50:63":23,"f:54:2:54:12":7,"s:55:18:55:40":24,"s:56:4:56:Infinity":25,"s:57:4:57:Infinity":26,"s:58:4:58:Infinity":27,"s:59:4:59:Infinity":28,"s:60:4:60:Infinity":29,"s:61:4:61:Infinity":30,"s:62:4:62:Infinity":31,"f:65:2:65:8":8,"s:66:4:72:Infinity":32,"f:75:9:75:17":9,"s:76:18:76:48":33,"s:77:4:77:Infinity":34,"s:78:4:78:Infinity":35}}}
,"D:\\Ashish\\code\\hack2skill\\PromptWars-Warmup\\js\\models\\UserProfile.js": {"path":"D:\\Ashish\\code\\hack2skill\\PromptWars-Warmup\\js\\models\\UserProfile.js","statementMap":{"0":{"start":{"line":7,"column":4},"end":{"line":7,"column":null}},"1":{"start":{"line":8,"column":4},"end":{"line":8,"column":null}},"2":{"start":{"line":9,"column":4},"end":{"line":9,"column":33}},"3":{"start":{"line":10,"column":4},"end":{"line":10,"column":null}},"4":{"start":{"line":11,"column":4},"end":{"line":11,"column":null}},"5":{"start":{"line":12,"column":4},"end":{"line":12,"column":29}},"6":{"start":{"line":13,"column":4},"end":{"line":13,"column":null}},"7":{"start":{"line":14,"column":4},"end":{"line":14,"column":null}},"8":{"start":{"line":15,"column":4},"end":{"line":15,"column":null}},"9":{"start":{"line":16,"column":4},"end":{"line":16,"column":null}},"10":{"start":{"line":17,"column":4},"end":{"line":17,"column":null}},"11":{"start":{"line":22,"column":4},"end":{"line":35,"column":null}},"12":{"start":{"line":23,"column":6},"end":{"line":34,"column":null}},"13":{"start":{"line":36,"column":4},"end":{"line":36,"column":null}},"14":{"start":{"line":41,"column":14},"end":{"line":41,"column":40}},"15":{"start":{"line":42,"column":4},"end":{"line":42,"column":null}},"16":{"start":{"line":43,"column":4},"end":{"line":43,"column":null}},"17":{"start":{"line":44,"column":4},"end":{"line":44,"column":null}},"18":{"start":{"line":46,"column":4},"end":{"line":58,"column":null}},"19":{"start":{"line":47,"column":6},"end":{"line":47,"column":null}},"20":{"start":{"line":48,"column":6},"end":{"line":48,"column":null}},"21":{"start":{"line":49,"column":6},"end":{"line":49,"column":null}},"22":{"start":{"line":51,"column":22},"end":{"line":51,"column":65}},"23":{"start":{"line":52,"column":6},"end":{"line":52,"column":null}},"24":{"start":{"line":53,"column":6},"end":{"line":53,"column":null}},"25":{"start":{"line":55,"column":6},"end":{"line":55,"column":null}},"26":{"start":{"line":56,"column":6},"end":{"line":56,"column":null}},"27":{"start":{"line":57,"column":6},"end":{"line":57,"column":null}},"28":{"start":{"line":61,"column":21},"end":{"line":61,"column":43}},"29":{"start":{"line":62,"column":4},"end":{"line":65,"column":null}},"30":{"start":{"line":62,"column":45},"end":{"line":62,"column":null}},"31":{"start":{"line":63,"column":9},"end":{"line":65,"column":null}},"32":{"start":{"line":63,"column":50},"end":{"line":63,"column":null}},"33":{"start":{"line":64,"column":9},"end":{"line":65,"column":null}},"34":{"start":{"line":64,"column":49},"end":{"line":64,"column":null}},"35":{"start":{"line":65,"column":9},"end":{"line":65,"column":null}},"36":{"start":{"line":65,"column":30},"end":{"line":65,"column":null}},"37":{"start":{"line":67,"column":4},"end":{"line":67,"column":null}},"38":{"start":{"line":68,"column":4},"end":{"line":68,"column":null}},"39":{"start":{"line":73,"column":14},"end":{"line":73,"column":40}},"40":{"start":{"line":74,"column":4},"end":{"line":76,"column":null}},"41":{"start":{"line":75,"column":6},"end":{"line":75,"column":null}},"42":{"start":{"line":81,"column":14},"end":{"line":81,"column":40}},"43":{"start":{"line":82,"column":4},"end":{"line":84,"column":null}},"44":{"start":{"line":83,"column":6},"end":{"line":83,"column":null}},"45":{"start":{"line":89,"column":4},"end":{"line":91,"column":null}},"46":{"start":{"line":90,"column":26},"end":{"line":90,"column":56}},"47":{"start":{"line":91,"column":25},"end":{"line":91,"column":48}},"48":{"start":{"line":96,"column":4},"end":{"line":98,"column":null}},"49":{"start":{"line":97,"column":26},"end":{"line":97,"column":38}},"50":{"start":{"line":98,"column":25},"end":{"line":98,"column":48}},"51":{"start":{"line":103,"column":4},"end":{"line":103,"column":null}},"52":{"start":{"line":108,"column":18},"end":{"line":108,"column":43}},"53":{"start":{"line":109,"column":4},"end":{"line":109,"column":null}},"54":{"start":{"line":109,"column":40},"end":{"line":109,"column":null}},"55":{"start":{"line":110,"column":22},"end":{"line":110,"column":68}},"56":{"start":{"line":111,"column":4},"end":{"line":111,"column":null}},"57":{"start":{"line":112,"column":4},"end":{"line":112,"column":null}},"58":{"start":{"line":117,"column":4},"end":{"line":124,"column":null}},"59":{"start":{"line":129,"column":20},"end":{"line":129,"column":98}},"60":{"start":{"line":130,"column":4},"end":{"line":130,"column":null}},"61":{"start":{"line":131,"column":4},"end":{"line":131,"column":null}}},"fnMap":{"0":{"name":"(anonymous_0)","decl":{"start":{"line":6,"column":2},"end":{"line":6,"column":13}},"loc":{"start":{"line":6,"column":65},"end":{"line":18,"column":null}},"line":6},"1":{"name":"(anonymous_1)","decl":{"start":{"line":21,"column":2},"end":{"line":21,"column":12}},"loc":{"start":{"line":21,"column":24},"end":{"line":37,"column":null}},"line":21},"2":{"name":"(anonymous_2)","decl":{"start":{"line":40,"column":2},"end":{"line":40,"column":15}},"loc":{"start":{"line":40,"column":51},"end":{"line":69,"column":null}},"line":40},"3":{"name":"(anonymous_3)","decl":{"start":{"line":72,"column":2},"end":{"line":72,"column":19}},"loc":{"start":{"line":72,"column":41},"end":{"line":77,"column":null}},"line":72},"4":{"name":"(anonymous_4)","decl":{"start":{"line":80,"column":2},"end":{"line":80,"column":16}},"loc":{"start":{"line":80,"column":43},"end":{"line":85,"column":null}},"line":80},"5":{"name":"(anonymous_5)","decl":{"start":{"line":88,"column":2},"end":{"line":88,"column":14}},"loc":{"start":{"line":88,"column":17},"end":{"line":92,"column":null}},"line":88},"6":{"name":"(anonymous_6)","decl":{"start":{"line":90,"column":14},"end":{"line":90,"column":15}},"loc":{"start":{"line":90,"column":26},"end":{"line":90,"column":56}},"line":90},"7":{"name":"(anonymous_7)","decl":{"start":{"line":91,"column":11},"end":{"line":91,"column":12}},"loc":{"start":{"line":91,"column":25},"end":{"line":91,"column":48}},"line":91},"8":{"name":"(anonymous_8)","decl":{"start":{"line":95,"column":2},"end":{"line":95,"column":16}},"loc":{"start":{"line":95,"column":19},"end":{"line":99,"column":null}},"line":95},"9":{"name":"(anonymous_9)","decl":{"start":{"line":97,"column":14},"end":{"line":97,"column":15}},"loc":{"start":{"line":97,"column":26},"end":{"line":97,"column":38}},"line":97},"10":{"name":"(anonymous_10)","decl":{"start":{"line":98,"column":11},"end":{"line":98,"column":12}},"loc":{"start":{"line":98,"column":25},"end":{"line":98,"column":48}},"line":98},"11":{"name":"(anonymous_11)","decl":{"start":{"line":102,"column":6},"end":{"line":102,"column":14}},"loc":{"start":{"line":102,"column":17},"end":{"line":104,"column":null}},"line":102},"12":{"name":"(anonymous_12)","decl":{"start":{"line":107,"column":2},"end":{"line":107,"column":14}},"loc":{"start":{"line":107,"column":17},"end":{"line":113,"column":null}},"line":107},"13":{"name":"(anonymous_13)","decl":{"start":{"line":116,"column":2},"end":{"line":116,"column":8}},"loc":{"start":{"line":116,"column":11},"end":{"line":125,"column":null}},"line":116},"14":{"name":"(anonymous_14)","decl":{"start":{"line":128,"column":9},"end":{"line":128,"column":17}},"loc":{"start":{"line":128,"column":24},"end":{"line":132,"column":null}},"line":128}},"branchMap":{"0":{"loc":{"start":{"line":6,"column":14},"end":{"line":6,"column":63}},"type":"default-arg","locations":[{"start":{"line":6,"column":61},"end":{"line":6,"column":63}}],"line":6},"1":{"loc":{"start":{"line":6,"column":22},"end":{"line":6,"column":45}},"type":"default-arg","locations":[{"start":{"line":6,"column":35},"end":{"line":6,"column":45}}],"line":6},"2":{"loc":{"start":{"line":6,"column":47},"end":{"line":6,"column":56}},"type":"default-arg","locations":[{"start":{"line":6,"column":52},"end":{"line":6,"column":56}}],"line":6},"3":{"loc":{"start":{"line":7,"column":14},"end":{"line":7,"column":39}},"type":"binary-expr","locations":[{"start":{"line":7,"column":14},"end":{"line":7,"column":16}},{"start":{"line":7,"column":20},"end":{"line":7,"column":39}}],"line":7},"4":{"loc":{"start":{"line":8,"column":16},"end":{"line":8,"column":33}},"type":"binary-expr","locations":[{"start":{"line":8,"column":16},"end":{"line":8,"column":20}},{"start":{"line":8,"column":24},"end":{"line":8,"column":33}}],"line":8},"5":{"loc":{"start":{"line":22,"column":4},"end":{"line":35,"column":null}},"type":"if","locations":[{"start":{"line":22,"column":4},"end":{"line":35,"column":null}},{"start":{},"end":{}}],"line":22},"6":{"loc":{"start":{"line":46,"column":4},"end":{"line":58,"column":null}},"type":"if","locations":[{"start":{"line":46,"column":4},"end":{"line":58,"column":null}},{"start":{"line":54,"column":11},"end":{"line":58,"column":null}}],"line":46},"7":{"loc":{"start":{"line":53,"column":19},"end":{"line":53,"column":98}},"type":"cond-expr","locations":[{"start":{"line":53,"column":36},"end":{"line":53,"column":37}},{"start":{"line":53,"column":40},"end":{"line":53,"column":98}}],"line":53},"8":{"loc":{"start":{"line":53,"column":40},"end":{"line":53,"column":98}},"type":"cond-expr","locations":[{"start":{"line":53,"column":57},"end":{"line":53,"column":58}},{"start":{"line":53,"column":61},"end":{"line":53,"column":98}}],"line":53},"9":{"loc":{"start":{"line":62,"column":4},"end":{"line":65,"column":null}},"type":"if","locations":[{"start":{"line":62,"column":4},"end":{"line":65,"column":null}},{"start":{"line":63,"column":9},"end":{"line":65,"column":null}}],"line":62},"10":{"loc":{"start":{"line":62,"column":8},"end":{"line":62,"column":43}},"type":"binary-expr","locations":[{"start":{"line":62,"column":8},"end":{"line":62,"column":23}},{"start":{"line":62,"column":27},"end":{"line":62,"column":43}}],"line":62},"11":{"loc":{"start":{"line":63,"column":9},"end":{"line":65,"column":null}},"type":"if","locations":[{"start":{"line":63,"column":9},"end":{"line":65,"column":null}},{"start":{"line":64,"column":9},"end":{"line":65,"column":null}}],"line":63},"12":{"loc":{"start":{"line":63,"column":13},"end":{"line":63,"column":48}},"type":"binary-expr","locations":[{"start":{"line":63,"column":13},"end":{"line":63,"column":28}},{"start":{"line":63,"column":32},"end":{"line":63,"column":48}}],"line":63},"13":{"loc":{"start":{"line":64,"column":9},"end":{"line":65,"column":null}},"type":"if","locations":[{"start":{"line":64,"column":9},"end":{"line":65,"column":null}},{"start":{"line":65,"column":9},"end":{"line":65,"column":null}}],"line":64},"14":{"loc":{"start":{"line":64,"column":13},"end":{"line":64,"column":47}},"type":"binary-expr","locations":[{"start":{"line":64,"column":13},"end":{"line":64,"column":28}},{"start":{"line":64,"column":32},"end":{"line":64,"column":47}}],"line":64},"15":{"loc":{"start":{"line":65,"column":9},"end":{"line":65,"column":null}},"type":"if","locations":[{"start":{"line":65,"column":9},"end":{"line":65,"column":null}},{"start":{},"end":{}}],"line":65},"16":{"loc":{"start":{"line":67,"column":18},"end":{"line":67,"column":36}},"type":"cond-expr","locations":[{"start":{"line":67,"column":31},"end":{"line":67,"column":32}},{"start":{"line":67,"column":35},"end":{"line":67,"column":36}}],"line":67},"17":{"loc":{"start":{"line":74,"column":4},"end":{"line":76,"column":null}},"type":"if","locations":[{"start":{"line":74,"column":4},"end":{"line":76,"column":null}},{"start":{},"end":{}}],"line":74},"18":{"loc":{"start":{"line":82,"column":4},"end":{"line":84,"column":null}},"type":"if","locations":[{"start":{"line":82,"column":4},"end":{"line":84,"column":null}},{"start":{},"end":{}}],"line":82},"19":{"loc":{"start":{"line":90,"column":26},"end":{"line":90,"column":56}},"type":"binary-expr","locations":[{"start":{"line":90,"column":26},"end":{"line":90,"column":38}},{"start":{"line":90,"column":42},"end":{"line":90,"column":56}}],"line":90},"20":{"loc":{"start":{"line":103,"column":11},"end":{"line":103,"column":100}},"type":"cond-expr","locations":[{"start":{"line":103,"column":37},"end":{"line":103,"column":96}},{"start":{"line":103,"column":99},"end":{"line":103,"column":100}}],"line":103},"21":{"loc":{"start":{"line":109,"column":4},"end":{"line":109,"column":null}},"type":"if","locations":[{"start":{"line":109,"column":4},"end":{"line":109,"column":null}},{"start":{},"end":{}}],"line":109},"22":{"loc":{"start":{"line":111,"column":22},"end":{"line":111,"column":82}},"type":"cond-expr","locations":[{"start":{"line":111,"column":59},"end":{"line":111,"column":78}},{"start":{"line":111,"column":81},"end":{"line":111,"column":82}}],"line":111}},"s":{"0":1,"1":1,"2":1,"3":1,"4":1,"5":1,"6":1,"7":1,"8":1,"9":1,"10":1,"11":8,"12":1,"13":8,"14":1,"15":1,"16":1,"17":1,"18":1,"19":0,"20":0,"21":0,"22":0,"23":0,"24":0,"25":1,"26":1,"27":1,"28":1,"29":1,"30":0,"31":1,"32":0,"33":1,"34":0,"35":1,"36":1,"37":1,"38":1,"39":1,"40":1,"41":1,"42":1,"43":1,"44":1,"45":0,"46":0,"47":0,"48":0,"49":0,"50":0,"51":0,"52":1,"53":1,"54":0,"55":1,"56":1,"57":1,"58":6,"59":0,"60":0,"61":0},"f":{"0":1,"1":8,"2":1,"3":1,"4":1,"5":0,"6":0,"7":0,"8":0,"9":0,"10":0,"11":0,"12":1,"13":6,"14":1},"b":{"0":[1],"1":[1],"2":[1],"3":[1,1],"4":[1,1],"5":[1,7],"6":[0,1],"7":[0,0],"8":[0,0],"9":[0,1],"10":[1,0],"11":[0,1],"12":[1,0],"13":[0,1],"14":[1,0],"15":[1,0],"16":[0,1],"17":[1,0],"18":[1,0],"19":[0,0],"20":[0,0],"21":[0,1],"22":[0,1]},"meta":{"lastBranch":23,"lastFunction":15,"lastStatement":62,"seen":{"f:6:2:6:13":0,"b:6:61:6:63":0,"b:6:35:6:45":1,"b:6:52:6:56":2,"s:7:4:7:Infinity":0,"b:7:14:7:16:7:20:7:39":3,"s:8:4:8:Infinity":1,"b:8:16:8:20:8:24:8:33":4,"s:9:4:9:33":2,"s:10:4:10:Infinity":3,"s:11:4:11:Infinity":4,"s:12:4:12:29":5,"s:13:4:13:Infinity":6,"s:14:4:14:Infinity":7,"s:15:4:15:Infinity":8,"s:16:4:16:Infinity":9,"s:17:4:17:Infinity":10,"f:21:2:21:12":1,"b:22:4:35:Infinity:undefined:undefined:undefined:undefined":5,"s:22:4:35:Infinity":11,"s:23:6:34:Infinity":12,"s:36:4:36:Infinity":13,"f:40:2:40:15":2,"s:41:14:41:40":14,"s:42:4:42:Infinity":15,"s:43:4:43:Infinity":16,"s:44:4:44:Infinity":17,"b:46:4:58:Infinity:54:11:58:Infinity":6,"s:46:4:58:Infinity":18,"s:47:6:47:Infinity":19,"s:48:6:48:Infinity":20,"s:49:6:49:Infinity":21,"s:51:22:51:65":22,"s:52:6:52:Infinity":23,"s:53:6:53:Infinity":24,"b:53:36:53:37:53:40:53:98":7,"b:53:57:53:58:53:61:53:98":8,"s:55:6:55:Infinity":25,"s:56:6:56:Infinity":26,"s:57:6:57:Infinity":27,"s:61:21:61:43":28,"b:62:4:65:Infinity:63:9:65:Infinity":9,"s:62:4:65:Infinity":29,"b:62:8:62:23:62:27:62:43":10,"s:62:45:62:Infinity":30,"b:63:9:65:Infinity:64:9:65:Infinity":11,"s:63:9:65:Infinity":31,"b:63:13:63:28:63:32:63:48":12,"s:63:50:63:Infinity":32,"b:64:9:65:Infinity:65:9:65:Infinity":13,"s:64:9:65:Infinity":33,"b:64:13:64:28:64:32:64:47":14,"s:64:49:64:Infinity":34,"b:65:9:65:Infinity:undefined:undefined:undefined:undefined":15,"s:65:9:65:Infinity":35,"s:65:30:65:Infinity":36,"s:67:4:67:Infinity":37,"b:67:31:67:32:67:35:67:36":16,"s:68:4:68:Infinity":38,"f:72:2:72:19":3,"s:73:14:73:40":39,"b:74:4:76:Infinity:undefined:undefined:undefined:undefined":17,"s:74:4:76:Infinity":40,"s:75:6:75:Infinity":41,"f:80:2:80:16":4,"s:81:14:81:40":42,"b:82:4:84:Infinity:undefined:undefined:undefined:undefined":18,"s:82:4:84:Infinity":43,"s:83:6:83:Infinity":44,"f:88:2:88:14":5,"s:89:4:91:Infinity":45,"f:90:14:90:15":6,"s:90:26:90:56":46,"b:90:26:90:38:90:42:90:56":19,"f:91:11:91:12":7,"s:91:25:91:48":47,"f:95:2:95:16":8,"s:96:4:98:Infinity":48,"f:97:14:97:15":9,"s:97:26:97:38":49,"f:98:11:98:12":10,"s:98:25:98:48":50,"f:102:6:102:14":11,"s:103:4:103:Infinity":51,"b:103:37:103:96:103:99:103:100":20,"f:107:2:107:14":12,"s:108:18:108:43":52,"b:109:4:109:Infinity:undefined:undefined:undefined:undefined":21,"s:109:4:109:Infinity":53,"s:109:40:109:Infinity":54,"s:110:22:110:68":55,"s:111:4:111:Infinity":56,"b:111:59:111:78:111:81:111:82":22,"s:112:4:112:Infinity":57,"f:116:2:116:8":13,"s:117:4:124:Infinity":58,"f:128:9:128:17":14,"s:129:20:129:98":59,"s:130:4:130:Infinity":60,"s:131:4:131:Infinity":61}}}
,"D:\\Ashish\\code\\hack2skill\\PromptWars-Warmup\\js\\storage\\StorageManager.js": {"path":"D:\\Ashish\\code\\hack2skill\\PromptWars-Warmup\\js\\storage\\StorageManager.js","statementMap":{"0":{"start":{"line":6,"column":4},"end":{"line":6,"column":null}},"1":{"start":{"line":10,"column":4},"end":{"line":10,"column":null}},"2":{"start":{"line":14,"column":4},"end":{"line":20,"column":null}},"3":{"start":{"line":15,"column":6},"end":{"line":15,"column":null}},"4":{"start":{"line":16,"column":6},"end":{"line":16,"column":null}},"5":{"start":{"line":18,"column":6},"end":{"line":18,"column":null}},"6":{"start":{"line":19,"column":6},"end":{"line":19,"column":null}},"7":{"start":{"line":24,"column":4},"end":{"line":30,"column":null}},"8":{"start":{"line":25,"column":18},"end":{"line":25,"column":54}},"9":{"start":{"line":26,"column":6},"end":{"line":26,"column":null}},"10":{"start":{"line":28,"column":6},"end":{"line":28,"column":null}},"11":{"start":{"line":29,"column":6},"end":{"line":29,"column":null}},"12":{"start":{"line":34,"column":4},"end":{"line":34,"column":null}},"13":{"start":{"line":38,"column":17},"end":{"line":38,"column":81}},"14":{"start":{"line":38,"column":55},"end":{"line":38,"column":80}},"15":{"start":{"line":39,"column":4},"end":{"line":39,"column":null}},"16":{"start":{"line":39,"column":22},"end":{"line":39,"column":48}},"17":{"start":{"line":43,"column":4},"end":{"line":43,"column":null}},"18":{"start":{"line":47,"column":23},"end":{"line":47,"column":43}}},"fnMap":{"0":{"name":"(anonymous_0)","decl":{"start":{"line":5,"column":2},"end":{"line":5,"column":13}},"loc":{"start":{"line":5,"column":30},"end":{"line":7,"column":null}},"line":5},"1":{"name":"(anonymous_1)","decl":{"start":{"line":9,"column":2},"end":{"line":9,"column":6}},"loc":{"start":{"line":9,"column":12},"end":{"line":11,"column":null}},"line":9},"2":{"name":"(anonymous_2)","decl":{"start":{"line":13,"column":2},"end":{"line":13,"column":6}},"loc":{"start":{"line":13,"column":18},"end":{"line":21,"column":null}},"line":13},"3":{"name":"(anonymous_3)","decl":{"start":{"line":23,"column":2},"end":{"line":23,"column":6}},"loc":{"start":{"line":23,"column":12},"end":{"line":31,"column":null}},"line":23},"4":{"name":"(anonymous_4)","decl":{"start":{"line":33,"column":2},"end":{"line":33,"column":8}},"loc":{"start":{"line":33,"column":14},"end":{"line":35,"column":null}},"line":33},"5":{"name":"(anonymous_5)","decl":{"start":{"line":37,"column":2},"end":{"line":37,"column":7}},"loc":{"start":{"line":37,"column":10},"end":{"line":40,"column":null}},"line":37},"6":{"name":"(anonymous_6)","decl":{"start":{"line":38,"column":50},"end":{"line":38,"column":51}},"loc":{"start":{"line":38,"column":55},"end":{"line":38,"column":80}},"line":38},"7":{"name":"(anonymous_7)","decl":{"start":{"line":39,"column":17},"end":{"line":39,"column":18}},"loc":{"start":{"line":39,"column":22},"end":{"line":39,"column":48}},"line":39},"8":{"name":"(anonymous_8)","decl":{"start":{"line":42,"column":2},"end":{"line":42,"column":8}},"loc":{"start":{"line":42,"column":14},"end":{"line":44,"column":null}},"line":42}},"branchMap":{"0":{"loc":{"start":{"line":5,"column":14},"end":{"line":5,"column":28}},"type":"default-arg","locations":[{"start":{"line":5,"column":23},"end":{"line":5,"column":28}}],"line":5},"1":{"loc":{"start":{"line":26,"column":13},"end":{"line":26,"column":41}},"type":"cond-expr","locations":[{"start":{"line":26,"column":19},"end":{"line":26,"column":34}},{"start":{"line":26,"column":37},"end":{"line":26,"column":41}}],"line":26}},"s":{"0":1,"1":12,"2":12,"3":12,"4":12,"5":0,"6":0,"7":0,"8":0,"9":0,"10":0,"11":0,"12":0,"13":0,"14":0,"15":0,"16":0,"17":0,"18":1},"f":{"0":1,"1":12,"2":12,"3":0,"4":0,"5":0,"6":0,"7":0,"8":0},"b":{"0":[1],"1":[0,0]},"meta":{"lastBranch":2,"lastFunction":9,"lastStatement":19,"seen":{"f:5:2:5:13":0,"b:5:23:5:28":0,"s:6:4:6:Infinity":0,"f:9:2:9:6":1,"s:10:4:10:Infinity":1,"f:13:2:13:6":2,"s:14:4:20:Infinity":2,"s:15:6:15:Infinity":3,"s:16:6:16:Infinity":4,"s:18:6:18:Infinity":5,"s:19:6:19:Infinity":6,"f:23:2:23:6":3,"s:24:4:30:Infinity":7,"s:25:18:25:54":8,"s:26:6:26:Infinity":9,"b:26:19:26:34:26:37:26:41":1,"s:28:6:28:Infinity":10,"s:29:6:29:Infinity":11,"f:33:2:33:8":4,"s:34:4:34:Infinity":12,"f:37:2:37:7":5,"s:38:17:38:81":13,"f:38:50:38:51":6,"s:38:55:38:80":14,"s:39:4:39:Infinity":15,"f:39:17:39:18":7,"s:39:22:39:48":16,"f:42:2:42:8":8,"s:43:4:43:Infinity":17,"s:47:23:47:43":18}}}
}
